#
# There is insufficient memory for the Java Runtime Environment to continue.
# Native memory allocation (malloc) failed to allocate 3004336 bytes for Chunk::new
# Possible reasons:
#   The system is out of physical RAM or swap space
#   The process is running with CompressedOops enabled, and the Java Heap may be blocking the growth of the native heap
# Possible solutions:
#   Reduce memory load on the system
#   Increase physical memory or swap space
#   Check if swap backing store is full
#   Decrease Java heap size (-Xmx/-Xms)
#   Decrease number of Java threads
#   Decrease Java thread stack sizes (-Xss)
#   Set larger code cache with -XX:ReservedCodeCacheSize=
#   JVM is running with Unscaled Compressed Oops mode in which the Java heap is
#     placed in the first 4GB address space. The Java Heap base address is the
#     maximum limit for the native heap growth. Please use -XX:HeapBaseMinAddress
#     to set the Java Heap base and to place the Java Heap above 4GB virtual address.
# This output file may be truncated or incomplete.
#
#  Out of Memory Error (arena.cpp:189), pid=73460, tid=15612
#
# JRE version: Java(TM) SE Runtime Environment (17.0.9+11) (build 17.0.9+11-LTS-201)
# Java VM: Java HotSpot(TM) 64-Bit Server VM (17.0.9+11-LTS-201, mixed mode, sharing, tiered, compressed oops, compressed class ptrs, g1 gc, windows-amd64)
# No core dump will be written. Minidumps are not enabled by default on client versions of Windows
#

---------------  S U M M A R Y ------------

Command Line: --add-opens=java.base/java.util=ALL-UNNAMED --add-opens=java.base/java.lang=ALL-UNNAMED --add-opens=java.base/java.lang.invoke=ALL-UNNAMED --add-opens=java.base/java.util=ALL-UNNAMED --add-opens=java.prefs/java.util.prefs=ALL-UNNAMED --add-opens=java.prefs/java.util.prefs=ALL-UNNAMED --add-opens=java.base/java.nio.charset=ALL-UNNAMED --add-opens=java.base/java.net=ALL-UNNAMED --add-opens=java.base/java.util.concurrent.atomic=ALL-UNNAMED -XX:MaxMetaspaceSize=256m -XX:+HeapDumpOnOutOfMemoryError -Xms256m -Xmx512m -Dfile.encoding=windows-1251 -Duser.country=RU -Duser.language=ru -Duser.variant org.gradle.launcher.daemon.bootstrap.GradleDaemon 7.5.1

Host: Intel(R) Core(TM) i5-2400 CPU @ 3.10GHz, 4 cores, 11G,  Windows 10 , 64 bit Build 19041 (10.0.19041.3636)
Time: Wed Jul 10 22:52:13 2024  Windows 10 , 64 bit Build 19041 (10.0.19041.3636) elapsed time: 15.125152 seconds (0d 0h 0m 15s)

---------------  T H R E A D  ---------------

Current thread (0x000002a6445308b0):  JavaThread "C2 CompilerThread0" daemon [_thread_in_native, id=15612, stack(0x000000ff6e900000,0x000000ff6ea00000)]


Current CompileTask:
C2:  15125 8569       4       org.objectweb.asm.ClassReader::readCode (5109 bytes)

Stack: [0x000000ff6e900000,0x000000ff6ea00000]
Native frames: (J=compiled Java code, j=interpreted, Vv=VM code, C=native code)
V  [jvm.dll+0x678a4a]
V  [jvm.dll+0x7d9cfd]
V  [jvm.dll+0x7db60e]
V  [jvm.dll+0x7dbc73]
V  [jvm.dll+0x245e1f]
V  [jvm.dll+0xaaafb]
V  [jvm.dll+0xab09c]
V  [jvm.dll+0x36237e]
V  [jvm.dll+0x32ca01]
V  [jvm.dll+0x32be9a]
V  [jvm.dll+0x21812f]
V  [jvm.dll+0x217561]
V  [jvm.dll+0x1a3bc0]
V  [jvm.dll+0x2272de]
V  [jvm.dll+0x22548b]
V  [jvm.dll+0x78f58c]
V  [jvm.dll+0x78998a]
V  [jvm.dll+0x677875]
C  [ucrtbase.dll+0x21bb2]
C  [KERNEL32.DLL+0x17344]
C  [ntdll.dll+0x4cc91]


---------------  P R O C E S S  ---------------

Threads class SMR info:
_java_thread_list=0x000002a65a4b2620, length=91, elements={
0x000002a628576ec0, 0x000002a6444fcb60, 0x000002a644501900, 0x000002a64451a130,
0x000002a64451b210, 0x000002a64451bcf0, 0x000002a64451d430, 0x000002a6445308b0,
0x000002a644523530, 0x000002a64451ed80, 0x000002a64451cf20, 0x000002a64451f7a0,
0x000002a64495b0d0, 0x000002a64451f290, 0x000002a64451e870, 0x000002a64451fcb0,
0x000002a6445201c0, 0x000002a64451ca10, 0x000002a64451d940, 0x000002a64451de50,
0x000002a64451e360, 0x000002a659099ae0, 0x000002a65909a500, 0x000002a6590990c0,
0x000002a659098bb0, 0x000002a6590995d0, 0x000002a659099ff0, 0x000002a65909aa10,
0x000002a6590935a0, 0x000002a659094ef0, 0x000002a659095e20, 0x000002a65909af20,
0x000002a6590944d0, 0x000002a659098190, 0x000002a659097260, 0x000002a659096330,
0x000002a659093ab0, 0x000002a659093fc0, 0x000002a659096d50, 0x000002a6590949e0,
0x000002a659095910, 0x000002a659097770, 0x000002a659097c80, 0x000002a6590986a0,
0x000002a657118800, 0x000002a65711ab70, 0x000002a65711cee0, 0x000002a6571182f0,
0x000002a65711baa0, 0x000002a65711c9d0, 0x000002a65711bfb0, 0x000002a65711c4c0,
0x000002a65711d3f0, 0x000002a65711d900, 0x000002a65711de10, 0x000002a6571173c0,
0x000002a657119730, 0x000002a657116eb0, 0x000002a65711e320, 0x000002a65711a150,
0x000002a65711e830, 0x000002a6571178d0, 0x000002a65711b590, 0x000002a657117de0,
0x000002a657118d10, 0x000002a657119220, 0x000002a657119c40, 0x000002a65711a660,
0x000002a65711b080, 0x000002a659072660, 0x000002a659073fb0, 0x000002a659072b70,
0x000002a659075e10, 0x000002a659071220, 0x000002a659073aa0, 0x000002a659073590,
0x000002a65906f8d0, 0x000002a659073080, 0x000002a659070800, 0x000002a659071730,
0x000002a659071c40, 0x000002a659072150, 0x000002a6590744c0, 0x000002a6590749d0,
0x000002a659070d10, 0x000002a659074ee0, 0x000002a6590753f0, 0x000002a65906e9a0,
0x000002a659076320, 0x000002a65906eeb0, 0x000002a65906fde0
}

Java Threads: ( => current thread )
  0x000002a628576ec0 JavaThread "main" [_thread_blocked, id=13816, stack(0x000000ff6dc00000,0x000000ff6dd00000)]
  0x000002a6444fcb60 JavaThread "Reference Handler" daemon [_thread_blocked, id=14980, stack(0x000000ff6e300000,0x000000ff6e400000)]
  0x000002a644501900 JavaThread "Finalizer" daemon [_thread_blocked, id=11244, stack(0x000000ff6e400000,0x000000ff6e500000)]
  0x000002a64451a130 JavaThread "Signal Dispatcher" daemon [_thread_blocked, id=16300, stack(0x000000ff6e500000,0x000000ff6e600000)]
  0x000002a64451b210 JavaThread "Attach Listener" daemon [_thread_blocked, id=19636, stack(0x000000ff6e600000,0x000000ff6e700000)]
  0x000002a64451bcf0 JavaThread "Service Thread" daemon [_thread_blocked, id=16944, stack(0x000000ff6e700000,0x000000ff6e800000)]
  0x000002a64451d430 JavaThread "Monitor Deflation Thread" daemon [_thread_blocked, id=17212, stack(0x000000ff6e800000,0x000000ff6e900000)]
=>0x000002a6445308b0 JavaThread "C2 CompilerThread0" daemon [_thread_in_native, id=15612, stack(0x000000ff6e900000,0x000000ff6ea00000)]
  0x000002a644523530 JavaThread "C1 CompilerThread0" daemon [_thread_blocked, id=50412, stack(0x000000ff6ea00000,0x000000ff6eb00000)]
  0x000002a64451ed80 JavaThread "Sweeper thread" daemon [_thread_blocked, id=20728, stack(0x000000ff6eb00000,0x000000ff6ec00000)]
  0x000002a64451cf20 JavaThread "Common-Cleaner" daemon [_thread_blocked, id=21956, stack(0x000000ff6ec00000,0x000000ff6ed00000)]
  0x000002a64451f7a0 JavaThread "Notification Thread" daemon [_thread_blocked, id=11092, stack(0x000000ff6ed00000,0x000000ff6ee00000)]
  0x000002a64495b0d0 JavaThread "C2 CompilerThread1" daemon [_thread_in_native, id=14300, stack(0x000000ff6ef00000,0x000000ff6f000000)]
  0x000002a64451f290 JavaThread "Daemon health stats" [_thread_blocked, id=6704, stack(0x000000ff6f300000,0x000000ff6f400000)]
  0x000002a64451e870 JavaThread "Incoming local TCP Connector on port 63348" [_thread_in_native, id=68100, stack(0x000000ff6f400000,0x000000ff6f500000)]
  0x000002a64451fcb0 JavaThread "Daemon periodic checks" [_thread_blocked, id=39980, stack(0x000000ff6f500000,0x000000ff6f600000)]
  0x000002a6445201c0 JavaThread "Daemon" [_thread_blocked, id=15760, stack(0x000000ff6f600000,0x000000ff6f700000)]
  0x000002a64451ca10 JavaThread "Handler for socket connection from /127.0.0.1:63348 to /127.0.0.1:63349" [_thread_in_native, id=6876, stack(0x000000ff6f700000,0x000000ff6f800000)]
  0x000002a64451d940 JavaThread "Cancel handler" [_thread_blocked, id=2280, stack(0x000000ff6f800000,0x000000ff6f900000)]
  0x000002a64451de50 JavaThread "Daemon worker" [_thread_blocked, id=19044, stack(0x000000ff6f900000,0x000000ff6fa00000)]
  0x000002a64451e360 JavaThread "Asynchronous log dispatcher for DefaultDaemonConnection: socket connection from /127.0.0.1:63348 to /127.0.0.1:63349" [_thread_blocked, id=10836, stack(0x000000ff6fa00000,0x000000ff6fb00000)]
  0x000002a659099ae0 JavaThread "Stdin handler" [_thread_blocked, id=15412, stack(0x000000ff6fb00000,0x000000ff6fc00000)]
  0x000002a65909a500 JavaThread "Daemon client event forwarder" [_thread_blocked, id=23604, stack(0x000000ff6fc00000,0x000000ff6fd00000)]
  0x000002a6590990c0 JavaThread "Cache worker for journal cache (C:\Users\ASV-10U\.gradle\caches\journal-1)" [_thread_blocked, id=58980, stack(0x000000ff6fd00000,0x000000ff6fe00000)]
  0x000002a659098bb0 JavaThread "File lock request listener" [_thread_in_native, id=19800, stack(0x000000ff6fe00000,0x000000ff6ff00000)]
  0x000002a6590995d0 JavaThread "Cache worker for file hash cache (C:\Users\ASV-10U\.gradle\caches\7.5.1\fileHashes)" [_thread_blocked, id=40792, stack(0x000000ff6ff00000,0x000000ff70000000)]
  0x000002a659099ff0 JavaThread "File watcher server" daemon [_thread_in_native, id=71020, stack(0x000000ff70000000,0x000000ff70100000)]
  0x000002a65909aa10 JavaThread "File watcher consumer" daemon [_thread_blocked, id=3648, stack(0x000000ff70100000,0x000000ff70200000)]
  0x000002a6590935a0 JavaThread "Cache worker for checksums cache (F:\Projects\Java\IjIdea\tg_bot_java-2\.gradle\7.5.1\checksums)" [_thread_blocked, id=21888, stack(0x000000ff70200000,0x000000ff70300000)]
  0x000002a659094ef0 JavaThread "Cache worker for cache directory md-rule (C:\Users\ASV-10U\.gradle\caches\7.5.1\md-rule)" [_thread_blocked, id=3680, stack(0x000000ff70300000,0x000000ff70400000)]
  0x000002a659095e20 JavaThread "Cache worker for file content cache (C:\Users\ASV-10U\.gradle\caches\7.5.1\fileContent)" [_thread_blocked, id=75024, stack(0x000000ff70400000,0x000000ff70500000)]
  0x000002a65909af20 JavaThread "Cache worker for file hash cache (F:\Projects\Java\IjIdea\tg_bot_java-2\.gradle\7.5.1\fileHashes)" [_thread_blocked, id=820, stack(0x000000ff70500000,0x000000ff70600000)]
  0x000002a6590944d0 JavaThread "Cache worker for cache directory md-supplier (C:\Users\ASV-10U\.gradle\caches\7.5.1\md-supplier)" [_thread_blocked, id=68648, stack(0x000000ff70600000,0x000000ff70700000)]
  0x000002a659098190 JavaThread "Cache worker for execution history cache (C:\Users\ASV-10U\.gradle\caches\7.5.1\executionHistory)" [_thread_blocked, id=12204, stack(0x000000ff70700000,0x000000ff70800000)]
  0x000002a659097260 JavaThread "jar transforms" [_thread_blocked, id=69560, stack(0x000000ff70800000,0x000000ff70900000)]
  0x000002a659096330 JavaThread "jar transforms Thread 2" [_thread_blocked, id=17832, stack(0x000000ff70900000,0x000000ff70a00000)]
  0x000002a659093ab0 JavaThread "jar transforms Thread 3" [_thread_blocked, id=66548, stack(0x000000ff70a00000,0x000000ff70b00000)]
  0x000002a659093fc0 JavaThread "jar transforms Thread 4" [_thread_blocked, id=47156, stack(0x000000ff70b00000,0x000000ff70c00000)]
  0x000002a659096d50 JavaThread "Cache worker for dependencies-accessors (F:\Projects\Java\IjIdea\tg_bot_java-2\.gradle\7.5.1\dependencies-accessors)" [_thread_blocked, id=22048, stack(0x000000ff70c00000,0x000000ff70d00000)]
  0x000002a6590949e0 JavaThread "Cache worker for Build Output Cleanup Cache (F:\Projects\Java\IjIdea\tg_bot_java-2\.gradle\buildOutputCleanup)" [_thread_blocked, id=74164, stack(0x000000ff70d00000,0x000000ff70e00000)]
  0x000002a659095910 JavaThread "Memory manager" [_thread_blocked, id=49552, stack(0x000000ff70e00000,0x000000ff70f00000)]
  0x000002a659097770 JavaThread "included builds" [_thread_blocked, id=636, stack(0x000000ff70f00000,0x000000ff71000000)]
  0x000002a659097c80 JavaThread "Execution worker" [_thread_blocked, id=73488, stack(0x000000ff71000000,0x000000ff71100000)]
  0x000002a6590986a0 JavaThread "Execution worker Thread 2" [_thread_blocked, id=4308, stack(0x000000ff71100000,0x000000ff71200000)]
  0x000002a657118800 JavaThread "Execution worker Thread 3" [_thread_blocked, id=51220, stack(0x000000ff71200000,0x000000ff71300000)]
  0x000002a65711ab70 JavaThread "Cache worker for execution history cache (F:\Projects\Java\IjIdea\tg_bot_java-2\.gradle\7.5.1\executionHistory)" [_thread_blocked, id=73536, stack(0x000000ff71300000,0x000000ff71400000)]
  0x000002a65711cee0 JavaThread "Unconstrained build operations" [_thread_blocked, id=7096, stack(0x000000ff71400000,0x000000ff71500000)]
  0x000002a6571182f0 JavaThread "Unconstrained build operations Thread 2" [_thread_blocked, id=17792, stack(0x000000ff71500000,0x000000ff71600000)]
  0x000002a65711baa0 JavaThread "Unconstrained build operations Thread 3" [_thread_blocked, id=13432, stack(0x000000ff71600000,0x000000ff71700000)]
  0x000002a65711c9d0 JavaThread "Unconstrained build operations Thread 4" [_thread_blocked, id=73988, stack(0x000000ff71700000,0x000000ff71800000)]
  0x000002a65711bfb0 JavaThread "Unconstrained build operations Thread 5" [_thread_blocked, id=70812, stack(0x000000ff71800000,0x000000ff71900000)]
  0x000002a65711c4c0 JavaThread "Unconstrained build operations Thread 6" [_thread_blocked, id=20568, stack(0x000000ff71900000,0x000000ff71a00000)]
  0x000002a65711d3f0 JavaThread "Unconstrained build operations Thread 7" [_thread_blocked, id=73276, stack(0x000000ff71a00000,0x000000ff71b00000)]
  0x000002a65711d900 JavaThread "Unconstrained build operations Thread 8" [_thread_blocked, id=66700, stack(0x000000ff71b00000,0x000000ff71c00000)]
  0x000002a65711de10 JavaThread "Unconstrained build operations Thread 9" [_thread_blocked, id=17500, stack(0x000000ff71c00000,0x000000ff71d00000)]
  0x000002a6571173c0 JavaThread "Unconstrained build operations Thread 10" [_thread_blocked, id=72200, stack(0x000000ff71d00000,0x000000ff71e00000)]
  0x000002a657119730 JavaThread "Unconstrained build operations Thread 11" [_thread_blocked, id=73700, stack(0x000000ff71e00000,0x000000ff71f00000)]
  0x000002a657116eb0 JavaThread "Unconstrained build operations Thread 12" [_thread_blocked, id=73092, stack(0x000000ff71f00000,0x000000ff72000000)]
  0x000002a65711e320 JavaThread "Unconstrained build operations Thread 13" [_thread_blocked, id=70068, stack(0x000000ff72000000,0x000000ff72100000)]
  0x000002a65711a150 JavaThread "Unconstrained build operations Thread 14" [_thread_blocked, id=71572, stack(0x000000ff72100000,0x000000ff72200000)]
  0x000002a65711e830 JavaThread "Unconstrained build operations Thread 15" [_thread_blocked, id=73800, stack(0x000000ff72200000,0x000000ff72300000)]
  0x000002a6571178d0 JavaThread "Unconstrained build operations Thread 16" [_thread_blocked, id=72976, stack(0x000000ff72300000,0x000000ff72400000)]
  0x000002a65711b590 JavaThread "Unconstrained build operations Thread 17" [_thread_blocked, id=21004, stack(0x000000ff72400000,0x000000ff72500000)]
  0x000002a657117de0 JavaThread "Unconstrained build operations Thread 18" [_thread_blocked, id=11164, stack(0x000000ff72500000,0x000000ff72600000)]
  0x000002a657118d10 JavaThread "Unconstrained build operations Thread 19" [_thread_blocked, id=17208, stack(0x000000ff72600000,0x000000ff72700000)]
  0x000002a657119220 JavaThread "Unconstrained build operations Thread 20" [_thread_blocked, id=16976, stack(0x000000ff72700000,0x000000ff72800000)]
  0x000002a657119c40 JavaThread "Unconstrained build operations Thread 21" [_thread_blocked, id=21332, stack(0x000000ff72800000,0x000000ff72900000)]
  0x000002a65711a660 JavaThread "Unconstrained build operations Thread 22" [_thread_blocked, id=75112, stack(0x000000ff72900000,0x000000ff72a00000)]
  0x000002a65711b080 JavaThread "Unconstrained build operations Thread 23" [_thread_blocked, id=9016, stack(0x000000ff72a00000,0x000000ff72b00000)]
  0x000002a659072660 JavaThread "Unconstrained build operations Thread 24" [_thread_blocked, id=18528, stack(0x000000ff72b00000,0x000000ff72c00000)]
  0x000002a659073fb0 JavaThread "Unconstrained build operations Thread 25" [_thread_blocked, id=72312, stack(0x000000ff72c00000,0x000000ff72d00000)]
  0x000002a659072b70 JavaThread "Unconstrained build operations Thread 26" [_thread_blocked, id=71884, stack(0x000000ff72d00000,0x000000ff72e00000)]
  0x000002a659075e10 JavaThread "Unconstrained build operations Thread 27" [_thread_blocked, id=18324, stack(0x000000ff72e00000,0x000000ff72f00000)]
  0x000002a659071220 JavaThread "Unconstrained build operations Thread 28" [_thread_blocked, id=73808, stack(0x000000ff72f00000,0x000000ff73000000)]
  0x000002a659073aa0 JavaThread "Unconstrained build operations Thread 29" [_thread_blocked, id=7588, stack(0x000000ff73000000,0x000000ff73100000)]
  0x000002a659073590 JavaThread "Unconstrained build operations Thread 30" [_thread_blocked, id=20220, stack(0x000000ff73100000,0x000000ff73200000)]
  0x000002a65906f8d0 JavaThread "Unconstrained build operations Thread 31" [_thread_blocked, id=73320, stack(0x000000ff73200000,0x000000ff73300000)]
  0x000002a659073080 JavaThread "Unconstrained build operations Thread 32" [_thread_blocked, id=49556, stack(0x000000ff73300000,0x000000ff73400000)]
  0x000002a659070800 JavaThread "Unconstrained build operations Thread 33" [_thread_blocked, id=65744, stack(0x000000ff73400000,0x000000ff73500000)]
  0x000002a659071730 JavaThread "Unconstrained build operations Thread 34" [_thread_blocked, id=7556, stack(0x000000ff73500000,0x000000ff73600000)]
  0x000002a659071c40 JavaThread "Unconstrained build operations Thread 35" [_thread_blocked, id=21196, stack(0x000000ff73600000,0x000000ff73700000)]
  0x000002a659072150 JavaThread "Unconstrained build operations Thread 36" [_thread_blocked, id=75220, stack(0x000000ff73700000,0x000000ff73800000)]
  0x000002a6590744c0 JavaThread "Unconstrained build operations Thread 37" [_thread_blocked, id=17468, stack(0x000000ff73800000,0x000000ff73900000)]
  0x000002a6590749d0 JavaThread "Unconstrained build operations Thread 38" [_thread_blocked, id=74700, stack(0x000000ff73900000,0x000000ff73a00000)]
  0x000002a659070d10 JavaThread "Unconstrained build operations Thread 39" [_thread_blocked, id=74328, stack(0x000000ff73a00000,0x000000ff73b00000)]
  0x000002a659074ee0 JavaThread "Unconstrained build operations Thread 40" [_thread_blocked, id=73856, stack(0x000000ff73b00000,0x000000ff73c00000)]
  0x000002a6590753f0 JavaThread "Cache worker for Java compile cache (C:\Users\ASV-10U\.gradle\caches\7.5.1\javaCompile)" [_thread_in_Java, id=10776, stack(0x000000ff73d00000,0x000000ff73e00000)]
  0x000002a65906e9a0 JavaThread "Build operations" [_thread_in_Java, id=62048, stack(0x000000ff73e00000,0x000000ff73f00000)]
  0x000002a659076320 JavaThread "Build operations Thread 2" [_thread_blocked, id=74432, stack(0x000000ff73f00000,0x000000ff74000000)]
  0x000002a65906eeb0 JavaThread "Build operations Thread 3" [_thread_blocked, id=10620, stack(0x000000ff74000000,0x000000ff74100000)]
  0x000002a65906fde0 JavaThread "Build operations Thread 4" [_thread_blocked, id=18420, stack(0x000000ff74100000,0x000000ff74200000)]

Other Threads:
  0x000002a6444f9050 VMThread "VM Thread" [stack: 0x000000ff6e200000,0x000000ff6e300000] [id=18972]
  0x000002a6285b7030 WatcherThread [stack: 0x000000ff6ee00000,0x000000ff6ef00000] [id=4816]
  0x000002a6285aa4d0 GCTaskThread "GC Thread#0" [stack: 0x000000ff6dd00000,0x000000ff6de00000] [id=16236]
  0x000002a65719ab20 GCTaskThread "GC Thread#1" [stack: 0x000000ff6f000000,0x000000ff6f100000] [id=18812]
  0x000002a6572b35d0 GCTaskThread "GC Thread#2" [stack: 0x000000ff6f100000,0x000000ff6f200000] [id=22060]
  0x000002a6449812d0 GCTaskThread "GC Thread#3" [stack: 0x000000ff6f200000,0x000000ff6f300000] [id=13928]
  0x000002a6285af330 ConcurrentGCThread "G1 Main Marker" [stack: 0x000000ff6de00000,0x000000ff6df00000] [id=70120]
  0x000002a6285b03f0 ConcurrentGCThread "G1 Conc#0" [stack: 0x000000ff6df00000,0x000000ff6e000000] [id=10084]
  0x000002a62864d8d0 ConcurrentGCThread "G1 Refine#0" [stack: 0x000000ff6e000000,0x000000ff6e100000] [id=72776]
  0x000002a6584be560 ConcurrentGCThread "G1 Refine#1" [stack: 0x000000ff73c00000,0x000000ff73d00000] [id=71204]
  0x000002a62864e210 ConcurrentGCThread "G1 Service" [stack: 0x000000ff6e100000,0x000000ff6e200000] [id=14012]

Threads with active compile tasks:
C2 CompilerThread0    15141 8569       4       org.objectweb.asm.ClassReader::readCode (5109 bytes)
C2 CompilerThread1    15141 8570   !   4       org.gradle.cache.internal.DefaultFileLockManager$DefaultFileLock::doWriteAction (66 bytes)

VM state: not at safepoint (normal execution)

VM Mutex/Monitor currently owned by a thread: None

Heap address: 0x00000000e0000000, size: 512 MB, Compressed Oops mode: 32-bit

CDS archive(s) mapped at: [0x000002a645000000-0x000002a645bd0000-0x000002a645bd0000), size 12386304, SharedBaseAddress: 0x000002a645000000, ArchiveRelocationMode: 1.
Compressed class space mapped at: 0x000002a646000000-0x000002a653000000, reserved size: 218103808
Narrow klass base: 0x000002a645000000, Narrow klass shift: 0, Narrow klass range: 0x100000000

GC Precious Log:
 CPUs: 4 total, 4 available
 Memory: 12112M
 Large Page Support: Disabled
 NUMA Support: Disabled
 Compressed Oops: Enabled (32-bit)
 Heap Region Size: 1M
 Heap Min Capacity: 256M
 Heap Initial Capacity: 256M
 Heap Max Capacity: 512M
 Pre-touch: Disabled
 Parallel Workers: 4
 Concurrent Workers: 1
 Concurrent Refinement Workers: 4
 Periodic GC: Disabled

Heap:
 garbage-first heap   total 262144K, used 65310K [0x00000000e0000000, 0x0000000100000000)
  region size 1024K, 29 young (29696K), 9 survivors (9216K)
 Metaspace       used 56697K, committed 57216K, reserved 278528K
  class space    used 7871K, committed 8064K, reserved 212992K

Heap Regions: E=young(eden), S=young(survivor), O=old, HS=humongous(starts), HC=humongous(continues), CS=collection set, F=free, OA=open archive, CA=closed archive, TAMS=top-at-mark-start (previous, next)
|   0|0x00000000e0000000, 0x00000000e0100000, 0x00000000e0100000|100%|HS|  |TAMS 0x00000000e0100000, 0x00000000e0000000| Complete 
|   1|0x00000000e0100000, 0x00000000e0200000, 0x00000000e0200000|100%|HC|  |TAMS 0x00000000e0200000, 0x00000000e0100000| Complete 
|   2|0x00000000e0200000, 0x00000000e0300000, 0x00000000e0300000|100%|HC|  |TAMS 0x00000000e0300000, 0x00000000e0200000| Complete 
|   3|0x00000000e0300000, 0x00000000e0400000, 0x00000000e0400000|100%| O|  |TAMS 0x00000000e0400000, 0x00000000e0300000| Untracked 
|   4|0x00000000e0400000, 0x00000000e0500000, 0x00000000e0500000|100%| O|  |TAMS 0x00000000e0500000, 0x00000000e0400000| Untracked 
|   5|0x00000000e0500000, 0x00000000e0600000, 0x00000000e0600000|100%| O|  |TAMS 0x00000000e0600000, 0x00000000e0500000| Untracked 
|   6|0x00000000e0600000, 0x00000000e0700000, 0x00000000e0700000|100%| O|  |TAMS 0x00000000e0700000, 0x00000000e0600000| Untracked 
|   7|0x00000000e0700000, 0x00000000e0800000, 0x00000000e0800000|100%| O|  |TAMS 0x00000000e0700000, 0x00000000e0700000| Untracked 
|   8|0x00000000e0800000, 0x00000000e0900000, 0x00000000e0900000|100%| O|  |TAMS 0x00000000e0900000, 0x00000000e0800000| Untracked 
|   9|0x00000000e0900000, 0x00000000e0a00000, 0x00000000e0a00000|100%| O|  |TAMS 0x00000000e0a00000, 0x00000000e0900000| Untracked 
|  10|0x00000000e0a00000, 0x00000000e0b00000, 0x00000000e0b00000|100%| O|  |TAMS 0x00000000e0a2c200, 0x00000000e0a00000| Untracked 
|  11|0x00000000e0b00000, 0x00000000e0c00000, 0x00000000e0c00000|100%| O|  |TAMS 0x00000000e0b00000, 0x00000000e0b00000| Untracked 
|  12|0x00000000e0c00000, 0x00000000e0d00000, 0x00000000e0d00000|100%| O|  |TAMS 0x00000000e0c00000, 0x00000000e0c00000| Untracked 
|  13|0x00000000e0d00000, 0x00000000e0e00000, 0x00000000e0e00000|100%| O|  |TAMS 0x00000000e0d00000, 0x00000000e0d00000| Untracked 
|  14|0x00000000e0e00000, 0x00000000e0f00000, 0x00000000e0f00000|100%| O|  |TAMS 0x00000000e0e00000, 0x00000000e0e00000| Untracked 
|  15|0x00000000e0f00000, 0x00000000e1000000, 0x00000000e1000000|100%| O|  |TAMS 0x00000000e0f00000, 0x00000000e0f00000| Untracked 
|  16|0x00000000e1000000, 0x00000000e1100000, 0x00000000e1100000|100%| O|  |TAMS 0x00000000e1000000, 0x00000000e1000000| Untracked 
|  17|0x00000000e1100000, 0x00000000e1200000, 0x00000000e1200000|100%| O|  |TAMS 0x00000000e1100000, 0x00000000e1100000| Untracked 
|  18|0x00000000e1200000, 0x00000000e1300000, 0x00000000e1300000|100%| O|  |TAMS 0x00000000e1200000, 0x00000000e1200000| Untracked 
|  19|0x00000000e1300000, 0x00000000e1400000, 0x00000000e1400000|100%| O|  |TAMS 0x00000000e1300000, 0x00000000e1300000| Untracked 
|  20|0x00000000e1400000, 0x00000000e1500000, 0x00000000e1500000|100%| O|  |TAMS 0x00000000e1400000, 0x00000000e1400000| Untracked 
|  21|0x00000000e1500000, 0x00000000e1600000, 0x00000000e1600000|100%| O|  |TAMS 0x00000000e1500000, 0x00000000e1500000| Untracked 
|  22|0x00000000e1600000, 0x00000000e1700000, 0x00000000e1700000|100%| O|  |TAMS 0x00000000e1600000, 0x00000000e1600000| Untracked 
|  23|0x00000000e1700000, 0x00000000e1800000, 0x00000000e1800000|100%| O|  |TAMS 0x00000000e1700000, 0x00000000e1700000| Untracked 
|  24|0x00000000e1800000, 0x00000000e1900000, 0x00000000e1900000|100%| O|  |TAMS 0x00000000e1800000, 0x00000000e1800000| Untracked 
|  25|0x00000000e1900000, 0x00000000e1a00000, 0x00000000e1a00000|100%| O|  |TAMS 0x00000000e1900000, 0x00000000e1900000| Untracked 
|  26|0x00000000e1a00000, 0x00000000e1b00000, 0x00000000e1b00000|100%| O|  |TAMS 0x00000000e1a00000, 0x00000000e1a00000| Untracked 
|  27|0x00000000e1b00000, 0x00000000e1c00000, 0x00000000e1c00000|100%| O|  |TAMS 0x00000000e1b00000, 0x00000000e1b00000| Untracked 
|  28|0x00000000e1c00000, 0x00000000e1d00000, 0x00000000e1d00000|100%| O|  |TAMS 0x00000000e1c00000, 0x00000000e1c00000| Untracked 
|  29|0x00000000e1d00000, 0x00000000e1e00000, 0x00000000e1e00000|100%| O|  |TAMS 0x00000000e1d00000, 0x00000000e1d00000| Untracked 
|  30|0x00000000e1e00000, 0x00000000e1f00000, 0x00000000e1f00000|100%| O|  |TAMS 0x00000000e1e00000, 0x00000000e1e00000| Untracked 
|  31|0x00000000e1f00000, 0x00000000e2000000, 0x00000000e2000000|100%| O|  |TAMS 0x00000000e1f00000, 0x00000000e1f00000| Untracked 
|  32|0x00000000e2000000, 0x00000000e2100000, 0x00000000e2100000|100%| O|  |TAMS 0x00000000e2000000, 0x00000000e2000000| Untracked 
|  33|0x00000000e2100000, 0x00000000e2200000, 0x00000000e2200000|100%| O|  |TAMS 0x00000000e2100000, 0x00000000e2100000| Untracked 
|  34|0x00000000e2200000, 0x00000000e2300000, 0x00000000e2300000|100%| O|  |TAMS 0x00000000e2200000, 0x00000000e2200000| Untracked 
|  35|0x00000000e2300000, 0x00000000e23c7a00, 0x00000000e2400000| 77%| O|  |TAMS 0x00000000e2300000, 0x00000000e2300000| Untracked 
|  36|0x00000000e2400000, 0x00000000e2400000, 0x00000000e2500000|  0%| F|  |TAMS 0x00000000e2400000, 0x00000000e2400000| Untracked 
|  37|0x00000000e2500000, 0x00000000e2500000, 0x00000000e2600000|  0%| F|  |TAMS 0x00000000e2500000, 0x00000000e2500000| Untracked 
|  38|0x00000000e2600000, 0x00000000e2600000, 0x00000000e2700000|  0%| F|  |TAMS 0x00000000e2600000, 0x00000000e2600000| Untracked 
|  39|0x00000000e2700000, 0x00000000e2700000, 0x00000000e2800000|  0%| F|  |TAMS 0x00000000e2700000, 0x00000000e2700000| Untracked 
|  40|0x00000000e2800000, 0x00000000e2800000, 0x00000000e2900000|  0%| F|  |TAMS 0x00000000e2800000, 0x00000000e2800000| Untracked 
|  41|0x00000000e2900000, 0x00000000e2900000, 0x00000000e2a00000|  0%| F|  |TAMS 0x00000000e2900000, 0x00000000e2900000| Untracked 
|  42|0x00000000e2a00000, 0x00000000e2a00000, 0x00000000e2b00000|  0%| F|  |TAMS 0x00000000e2a00000, 0x00000000e2a00000| Untracked 
|  43|0x00000000e2b00000, 0x00000000e2b00000, 0x00000000e2c00000|  0%| F|  |TAMS 0x00000000e2b00000, 0x00000000e2b00000| Untracked 
|  44|0x00000000e2c00000, 0x00000000e2c00000, 0x00000000e2d00000|  0%| F|  |TAMS 0x00000000e2c00000, 0x00000000e2c00000| Untracked 
|  45|0x00000000e2d00000, 0x00000000e2d00000, 0x00000000e2e00000|  0%| F|  |TAMS 0x00000000e2d00000, 0x00000000e2d00000| Untracked 
|  46|0x00000000e2e00000, 0x00000000e2e00000, 0x00000000e2f00000|  0%| F|  |TAMS 0x00000000e2e00000, 0x00000000e2e00000| Untracked 
|  47|0x00000000e2f00000, 0x00000000e2f00000, 0x00000000e3000000|  0%| F|  |TAMS 0x00000000e2f00000, 0x00000000e2f00000| Untracked 
|  48|0x00000000e3000000, 0x00000000e3000000, 0x00000000e3100000|  0%| F|  |TAMS 0x00000000e3000000, 0x00000000e3000000| Untracked 
|  49|0x00000000e3100000, 0x00000000e3100000, 0x00000000e3200000|  0%| F|  |TAMS 0x00000000e3100000, 0x00000000e3100000| Untracked 
|  50|0x00000000e3200000, 0x00000000e3200000, 0x00000000e3300000|  0%| F|  |TAMS 0x00000000e3200000, 0x00000000e3200000| Untracked 
|  51|0x00000000e3300000, 0x00000000e3300000, 0x00000000e3400000|  0%| F|  |TAMS 0x00000000e3300000, 0x00000000e3300000| Untracked 
|  52|0x00000000e3400000, 0x00000000e3400000, 0x00000000e3500000|  0%| F|  |TAMS 0x00000000e3400000, 0x00000000e3400000| Untracked 
|  53|0x00000000e3500000, 0x00000000e3500000, 0x00000000e3600000|  0%| F|  |TAMS 0x00000000e3500000, 0x00000000e3500000| Untracked 
|  54|0x00000000e3600000, 0x00000000e3600000, 0x00000000e3700000|  0%| F|  |TAMS 0x00000000e3600000, 0x00000000e3600000| Untracked 
|  55|0x00000000e3700000, 0x00000000e3700000, 0x00000000e3800000|  0%| F|  |TAMS 0x00000000e3700000, 0x00000000e3700000| Untracked 
|  56|0x00000000e3800000, 0x00000000e3800000, 0x00000000e3900000|  0%| F|  |TAMS 0x00000000e3800000, 0x00000000e3800000| Untracked 
|  57|0x00000000e3900000, 0x00000000e3900000, 0x00000000e3a00000|  0%| F|  |TAMS 0x00000000e3900000, 0x00000000e3900000| Untracked 
|  58|0x00000000e3a00000, 0x00000000e3a00000, 0x00000000e3b00000|  0%| F|  |TAMS 0x00000000e3a00000, 0x00000000e3a00000| Untracked 
|  59|0x00000000e3b00000, 0x00000000e3b00000, 0x00000000e3c00000|  0%| F|  |TAMS 0x00000000e3b00000, 0x00000000e3b00000| Untracked 
|  60|0x00000000e3c00000, 0x00000000e3c00000, 0x00000000e3d00000|  0%| F|  |TAMS 0x00000000e3c00000, 0x00000000e3c00000| Untracked 
|  61|0x00000000e3d00000, 0x00000000e3d00000, 0x00000000e3e00000|  0%| F|  |TAMS 0x00000000e3d00000, 0x00000000e3d00000| Untracked 
|  62|0x00000000e3e00000, 0x00000000e3e00000, 0x00000000e3f00000|  0%| F|  |TAMS 0x00000000e3e00000, 0x00000000e3e00000| Untracked 
|  63|0x00000000e3f00000, 0x00000000e3f00000, 0x00000000e4000000|  0%| F|  |TAMS 0x00000000e3f00000, 0x00000000e3f00000| Untracked 
|  64|0x00000000e4000000, 0x00000000e4000000, 0x00000000e4100000|  0%| F|  |TAMS 0x00000000e4000000, 0x00000000e4000000| Untracked 
|  65|0x00000000e4100000, 0x00000000e4100000, 0x00000000e4200000|  0%| F|  |TAMS 0x00000000e4100000, 0x00000000e4100000| Untracked 
|  66|0x00000000e4200000, 0x00000000e4200000, 0x00000000e4300000|  0%| F|  |TAMS 0x00000000e4200000, 0x00000000e4200000| Untracked 
|  67|0x00000000e4300000, 0x00000000e4300000, 0x00000000e4400000|  0%| F|  |TAMS 0x00000000e4300000, 0x00000000e4300000| Untracked 
|  68|0x00000000e4400000, 0x00000000e4400000, 0x00000000e4500000|  0%| F|  |TAMS 0x00000000e4400000, 0x00000000e4400000| Untracked 
|  69|0x00000000e4500000, 0x00000000e4500000, 0x00000000e4600000|  0%| F|  |TAMS 0x00000000e4500000, 0x00000000e4500000| Untracked 
|  70|0x00000000e4600000, 0x00000000e4600000, 0x00000000e4700000|  0%| F|  |TAMS 0x00000000e4600000, 0x00000000e4600000| Untracked 
|  71|0x00000000e4700000, 0x00000000e4700000, 0x00000000e4800000|  0%| F|  |TAMS 0x00000000e4700000, 0x00000000e4700000| Untracked 
|  72|0x00000000e4800000, 0x00000000e4800000, 0x00000000e4900000|  0%| F|  |TAMS 0x00000000e4800000, 0x00000000e4800000| Untracked 
|  73|0x00000000e4900000, 0x00000000e4900000, 0x00000000e4a00000|  0%| F|  |TAMS 0x00000000e4900000, 0x00000000e4900000| Untracked 
|  74|0x00000000e4a00000, 0x00000000e4a00000, 0x00000000e4b00000|  0%| F|  |TAMS 0x00000000e4a00000, 0x00000000e4a00000| Untracked 
|  75|0x00000000e4b00000, 0x00000000e4b00000, 0x00000000e4c00000|  0%| F|  |TAMS 0x00000000e4b00000, 0x00000000e4b00000| Untracked 
|  76|0x00000000e4c00000, 0x00000000e4c00000, 0x00000000e4d00000|  0%| F|  |TAMS 0x00000000e4c00000, 0x00000000e4c00000| Untracked 
|  77|0x00000000e4d00000, 0x00000000e4d00000, 0x00000000e4e00000|  0%| F|  |TAMS 0x00000000e4d00000, 0x00000000e4d00000| Untracked 
|  78|0x00000000e4e00000, 0x00000000e4e00000, 0x00000000e4f00000|  0%| F|  |TAMS 0x00000000e4e00000, 0x00000000e4e00000| Untracked 
|  79|0x00000000e4f00000, 0x00000000e4f00000, 0x00000000e5000000|  0%| F|  |TAMS 0x00000000e4f00000, 0x00000000e4f00000| Untracked 
|  80|0x00000000e5000000, 0x00000000e5000000, 0x00000000e5100000|  0%| F|  |TAMS 0x00000000e5000000, 0x00000000e5000000| Untracked 
|  81|0x00000000e5100000, 0x00000000e5100000, 0x00000000e5200000|  0%| F|  |TAMS 0x00000000e5100000, 0x00000000e5100000| Untracked 
|  82|0x00000000e5200000, 0x00000000e5200000, 0x00000000e5300000|  0%| F|  |TAMS 0x00000000e5200000, 0x00000000e5200000| Untracked 
|  83|0x00000000e5300000, 0x00000000e5300000, 0x00000000e5400000|  0%| F|  |TAMS 0x00000000e5300000, 0x00000000e5300000| Untracked 
|  84|0x00000000e5400000, 0x00000000e5400000, 0x00000000e5500000|  0%| F|  |TAMS 0x00000000e5400000, 0x00000000e5400000| Untracked 
|  85|0x00000000e5500000, 0x00000000e5500000, 0x00000000e5600000|  0%| F|  |TAMS 0x00000000e5500000, 0x00000000e5500000| Untracked 
|  86|0x00000000e5600000, 0x00000000e5600000, 0x00000000e5700000|  0%| F|  |TAMS 0x00000000e5600000, 0x00000000e5600000| Untracked 
|  87|0x00000000e5700000, 0x00000000e5700000, 0x00000000e5800000|  0%| F|  |TAMS 0x00000000e5700000, 0x00000000e5700000| Untracked 
|  88|0x00000000e5800000, 0x00000000e5800000, 0x00000000e5900000|  0%| F|  |TAMS 0x00000000e5800000, 0x00000000e5800000| Untracked 
|  89|0x00000000e5900000, 0x00000000e5900000, 0x00000000e5a00000|  0%| F|  |TAMS 0x00000000e5900000, 0x00000000e5900000| Untracked 
|  90|0x00000000e5a00000, 0x00000000e5a00000, 0x00000000e5b00000|  0%| F|  |TAMS 0x00000000e5a00000, 0x00000000e5a00000| Untracked 
|  91|0x00000000e5b00000, 0x00000000e5b00000, 0x00000000e5c00000|  0%| F|  |TAMS 0x00000000e5b00000, 0x00000000e5b00000| Untracked 
|  92|0x00000000e5c00000, 0x00000000e5c00000, 0x00000000e5d00000|  0%| F|  |TAMS 0x00000000e5c00000, 0x00000000e5c00000| Untracked 
|  93|0x00000000e5d00000, 0x00000000e5d00000, 0x00000000e5e00000|  0%| F|  |TAMS 0x00000000e5d00000, 0x00000000e5d00000| Untracked 
|  94|0x00000000e5e00000, 0x00000000e5f00000, 0x00000000e5f00000|100%| S|CS|TAMS 0x00000000e5e00000, 0x00000000e5e00000| Complete 
|  95|0x00000000e5f00000, 0x00000000e6000000, 0x00000000e6000000|100%| S|CS|TAMS 0x00000000e5f00000, 0x00000000e5f00000| Complete 
|  96|0x00000000e6000000, 0x00000000e6100000, 0x00000000e6100000|100%| S|CS|TAMS 0x00000000e6000000, 0x00000000e6000000| Complete 
|  97|0x00000000e6100000, 0x00000000e6200000, 0x00000000e6200000|100%| S|CS|TAMS 0x00000000e6100000, 0x00000000e6100000| Complete 
|  98|0x00000000e6200000, 0x00000000e6300000, 0x00000000e6300000|100%| S|CS|TAMS 0x00000000e6200000, 0x00000000e6200000| Complete 
|  99|0x00000000e6300000, 0x00000000e6400000, 0x00000000e6400000|100%| S|CS|TAMS 0x00000000e6300000, 0x00000000e6300000| Complete 
| 100|0x00000000e6400000, 0x00000000e6500000, 0x00000000e6500000|100%| S|CS|TAMS 0x00000000e6400000, 0x00000000e6400000| Complete 
| 101|0x00000000e6500000, 0x00000000e6500000, 0x00000000e6600000|  0%| F|  |TAMS 0x00000000e6500000, 0x00000000e6500000| Untracked 
| 102|0x00000000e6600000, 0x00000000e6600000, 0x00000000e6700000|  0%| F|  |TAMS 0x00000000e6600000, 0x00000000e6600000| Untracked 
| 103|0x00000000e6700000, 0x00000000e6800000, 0x00000000e6800000|100%| S|CS|TAMS 0x00000000e6700000, 0x00000000e6700000| Complete 
| 104|0x00000000e6800000, 0x00000000e6900000, 0x00000000e6900000|100%| S|CS|TAMS 0x00000000e6800000, 0x00000000e6800000| Complete 
| 105|0x00000000e6900000, 0x00000000e6900000, 0x00000000e6a00000|  0%| F|  |TAMS 0x00000000e6900000, 0x00000000e6900000| Untracked 
| 106|0x00000000e6a00000, 0x00000000e6a00000, 0x00000000e6b00000|  0%| F|  |TAMS 0x00000000e6a00000, 0x00000000e6a00000| Untracked 
| 107|0x00000000e6b00000, 0x00000000e6b00000, 0x00000000e6c00000|  0%| F|  |TAMS 0x00000000e6b00000, 0x00000000e6b00000| Untracked 
| 108|0x00000000e6c00000, 0x00000000e6c00000, 0x00000000e6d00000|  0%| F|  |TAMS 0x00000000e6c00000, 0x00000000e6c00000| Untracked 
| 109|0x00000000e6d00000, 0x00000000e6d00000, 0x00000000e6e00000|  0%| F|  |TAMS 0x00000000e6d00000, 0x00000000e6d00000| Untracked 
| 110|0x00000000e6e00000, 0x00000000e6e00000, 0x00000000e6f00000|  0%| F|  |TAMS 0x00000000e6e00000, 0x00000000e6e00000| Untracked 
| 111|0x00000000e6f00000, 0x00000000e6f00000, 0x00000000e7000000|  0%| F|  |TAMS 0x00000000e6f00000, 0x00000000e6f00000| Untracked 
| 112|0x00000000e7000000, 0x00000000e7000000, 0x00000000e7100000|  0%| F|  |TAMS 0x00000000e7000000, 0x00000000e7000000| Untracked 
| 113|0x00000000e7100000, 0x00000000e7100000, 0x00000000e7200000|  0%| F|  |TAMS 0x00000000e7100000, 0x00000000e7100000| Untracked 
| 114|0x00000000e7200000, 0x00000000e7200000, 0x00000000e7300000|  0%| F|  |TAMS 0x00000000e7200000, 0x00000000e7200000| Untracked 
| 115|0x00000000e7300000, 0x00000000e7300000, 0x00000000e7400000|  0%| F|  |TAMS 0x00000000e7300000, 0x00000000e7300000| Untracked 
| 116|0x00000000e7400000, 0x00000000e7400000, 0x00000000e7500000|  0%| F|  |TAMS 0x00000000e7400000, 0x00000000e7400000| Untracked 
| 117|0x00000000e7500000, 0x00000000e7500000, 0x00000000e7600000|  0%| F|  |TAMS 0x00000000e7500000, 0x00000000e7500000| Untracked 
| 118|0x00000000e7600000, 0x00000000e7600000, 0x00000000e7700000|  0%| F|  |TAMS 0x00000000e7600000, 0x00000000e7600000| Untracked 
| 119|0x00000000e7700000, 0x00000000e7700000, 0x00000000e7800000|  0%| F|  |TAMS 0x00000000e7700000, 0x00000000e7700000| Untracked 
| 120|0x00000000e7800000, 0x00000000e7800000, 0x00000000e7900000|  0%| F|  |TAMS 0x00000000e7800000, 0x00000000e7800000| Untracked 
| 121|0x00000000e7900000, 0x00000000e7900000, 0x00000000e7a00000|  0%| F|  |TAMS 0x00000000e7900000, 0x00000000e7900000| Untracked 
| 122|0x00000000e7a00000, 0x00000000e7a00000, 0x00000000e7b00000|  0%| F|  |TAMS 0x00000000e7a00000, 0x00000000e7a00000| Untracked 
| 123|0x00000000e7b00000, 0x00000000e7b00000, 0x00000000e7c00000|  0%| F|  |TAMS 0x00000000e7b00000, 0x00000000e7b00000| Untracked 
| 124|0x00000000e7c00000, 0x00000000e7c00000, 0x00000000e7d00000|  0%| F|  |TAMS 0x00000000e7c00000, 0x00000000e7c00000| Untracked 
| 125|0x00000000e7d00000, 0x00000000e7d00000, 0x00000000e7e00000|  0%| F|  |TAMS 0x00000000e7d00000, 0x00000000e7d00000| Untracked 
| 126|0x00000000e7e00000, 0x00000000e7e00000, 0x00000000e7f00000|  0%| F|  |TAMS 0x00000000e7e00000, 0x00000000e7e00000| Untracked 
| 127|0x00000000e7f00000, 0x00000000e7f00000, 0x00000000e8000000|  0%| F|  |TAMS 0x00000000e7f00000, 0x00000000e7f00000| Untracked 
| 128|0x00000000e8000000, 0x00000000e8000000, 0x00000000e8100000|  0%| F|  |TAMS 0x00000000e8000000, 0x00000000e8000000| Untracked 
| 129|0x00000000e8100000, 0x00000000e8100000, 0x00000000e8200000|  0%| F|  |TAMS 0x00000000e8100000, 0x00000000e8100000| Untracked 
| 130|0x00000000e8200000, 0x00000000e8200000, 0x00000000e8300000|  0%| F|  |TAMS 0x00000000e8200000, 0x00000000e8200000| Untracked 
| 131|0x00000000e8300000, 0x00000000e8300000, 0x00000000e8400000|  0%| F|  |TAMS 0x00000000e8300000, 0x00000000e8300000| Untracked 
| 132|0x00000000e8400000, 0x00000000e8400000, 0x00000000e8500000|  0%| F|  |TAMS 0x00000000e8400000, 0x00000000e8400000| Untracked 
| 133|0x00000000e8500000, 0x00000000e8500000, 0x00000000e8600000|  0%| F|  |TAMS 0x00000000e8500000, 0x00000000e8500000| Untracked 
| 134|0x00000000e8600000, 0x00000000e8600000, 0x00000000e8700000|  0%| F|  |TAMS 0x00000000e8600000, 0x00000000e8600000| Untracked 
| 135|0x00000000e8700000, 0x00000000e8700000, 0x00000000e8800000|  0%| F|  |TAMS 0x00000000e8700000, 0x00000000e8700000| Untracked 
| 136|0x00000000e8800000, 0x00000000e8800000, 0x00000000e8900000|  0%| F|  |TAMS 0x00000000e8800000, 0x00000000e8800000| Untracked 
| 137|0x00000000e8900000, 0x00000000e8900000, 0x00000000e8a00000|  0%| F|  |TAMS 0x00000000e8900000, 0x00000000e8900000| Untracked 
| 138|0x00000000e8a00000, 0x00000000e8a00000, 0x00000000e8b00000|  0%| F|  |TAMS 0x00000000e8a00000, 0x00000000e8a00000| Untracked 
| 139|0x00000000e8b00000, 0x00000000e8b00000, 0x00000000e8c00000|  0%| F|  |TAMS 0x00000000e8b00000, 0x00000000e8b00000| Untracked 
| 140|0x00000000e8c00000, 0x00000000e8c00000, 0x00000000e8d00000|  0%| F|  |TAMS 0x00000000e8c00000, 0x00000000e8c00000| Untracked 
| 141|0x00000000e8d00000, 0x00000000e8d00000, 0x00000000e8e00000|  0%| F|  |TAMS 0x00000000e8d00000, 0x00000000e8d00000| Untracked 
| 142|0x00000000e8e00000, 0x00000000e8e00000, 0x00000000e8f00000|  0%| F|  |TAMS 0x00000000e8e00000, 0x00000000e8e00000| Untracked 
| 143|0x00000000e8f00000, 0x00000000e8f00000, 0x00000000e9000000|  0%| F|  |TAMS 0x00000000e8f00000, 0x00000000e8f00000| Untracked 
| 144|0x00000000e9000000, 0x00000000e9000000, 0x00000000e9100000|  0%| F|  |TAMS 0x00000000e9000000, 0x00000000e9000000| Untracked 
| 145|0x00000000e9100000, 0x00000000e9100000, 0x00000000e9200000|  0%| F|  |TAMS 0x00000000e9100000, 0x00000000e9100000| Untracked 
| 146|0x00000000e9200000, 0x00000000e9200000, 0x00000000e9300000|  0%| F|  |TAMS 0x00000000e9200000, 0x00000000e9200000| Untracked 
| 147|0x00000000e9300000, 0x00000000e9300000, 0x00000000e9400000|  0%| F|  |TAMS 0x00000000e9300000, 0x00000000e9300000| Untracked 
| 148|0x00000000e9400000, 0x00000000e9400000, 0x00000000e9500000|  0%| F|  |TAMS 0x00000000e9400000, 0x00000000e9400000| Untracked 
| 149|0x00000000e9500000, 0x00000000e9500000, 0x00000000e9600000|  0%| F|  |TAMS 0x00000000e9500000, 0x00000000e9500000| Untracked 
| 150|0x00000000e9600000, 0x00000000e9600000, 0x00000000e9700000|  0%| F|  |TAMS 0x00000000e9600000, 0x00000000e9600000| Untracked 
| 151|0x00000000e9700000, 0x00000000e9700000, 0x00000000e9800000|  0%| F|  |TAMS 0x00000000e9700000, 0x00000000e9700000| Untracked 
| 152|0x00000000e9800000, 0x00000000e9800000, 0x00000000e9900000|  0%| F|  |TAMS 0x00000000e9800000, 0x00000000e9800000| Untracked 
| 153|0x00000000e9900000, 0x00000000e9900000, 0x00000000e9a00000|  0%| F|  |TAMS 0x00000000e9900000, 0x00000000e9900000| Untracked 
| 154|0x00000000e9a00000, 0x00000000e9a00000, 0x00000000e9b00000|  0%| F|  |TAMS 0x00000000e9a00000, 0x00000000e9a00000| Untracked 
| 155|0x00000000e9b00000, 0x00000000e9b00000, 0x00000000e9c00000|  0%| F|  |TAMS 0x00000000e9b00000, 0x00000000e9b00000| Untracked 
| 156|0x00000000e9c00000, 0x00000000e9c00000, 0x00000000e9d00000|  0%| F|  |TAMS 0x00000000e9c00000, 0x00000000e9c00000| Untracked 
| 157|0x00000000e9d00000, 0x00000000e9d00000, 0x00000000e9e00000|  0%| F|  |TAMS 0x00000000e9d00000, 0x00000000e9d00000| Untracked 
| 158|0x00000000e9e00000, 0x00000000e9e00000, 0x00000000e9f00000|  0%| F|  |TAMS 0x00000000e9e00000, 0x00000000e9e00000| Untracked 
| 159|0x00000000e9f00000, 0x00000000e9f00000, 0x00000000ea000000|  0%| F|  |TAMS 0x00000000e9f00000, 0x00000000e9f00000| Untracked 
| 160|0x00000000ea000000, 0x00000000ea000000, 0x00000000ea100000|  0%| F|  |TAMS 0x00000000ea000000, 0x00000000ea000000| Untracked 
| 161|0x00000000ea100000, 0x00000000ea100000, 0x00000000ea200000|  0%| F|  |TAMS 0x00000000ea100000, 0x00000000ea100000| Untracked 
| 162|0x00000000ea200000, 0x00000000ea200000, 0x00000000ea300000|  0%| F|  |TAMS 0x00000000ea200000, 0x00000000ea200000| Untracked 
| 163|0x00000000ea300000, 0x00000000ea300000, 0x00000000ea400000|  0%| F|  |TAMS 0x00000000ea300000, 0x00000000ea300000| Untracked 
| 164|0x00000000ea400000, 0x00000000ea400000, 0x00000000ea500000|  0%| F|  |TAMS 0x00000000ea400000, 0x00000000ea400000| Untracked 
| 165|0x00000000ea500000, 0x00000000ea500000, 0x00000000ea600000|  0%| F|  |TAMS 0x00000000ea500000, 0x00000000ea500000| Untracked 
| 166|0x00000000ea600000, 0x00000000ea600000, 0x00000000ea700000|  0%| F|  |TAMS 0x00000000ea600000, 0x00000000ea600000| Untracked 
| 167|0x00000000ea700000, 0x00000000ea700000, 0x00000000ea800000|  0%| F|  |TAMS 0x00000000ea700000, 0x00000000ea700000| Untracked 
| 168|0x00000000ea800000, 0x00000000ea800000, 0x00000000ea900000|  0%| F|  |TAMS 0x00000000ea800000, 0x00000000ea800000| Untracked 
| 169|0x00000000ea900000, 0x00000000ea900000, 0x00000000eaa00000|  0%| F|  |TAMS 0x00000000ea900000, 0x00000000ea900000| Untracked 
| 170|0x00000000eaa00000, 0x00000000eaa00000, 0x00000000eab00000|  0%| F|  |TAMS 0x00000000eaa00000, 0x00000000eaa00000| Untracked 
| 171|0x00000000eab00000, 0x00000000eab00000, 0x00000000eac00000|  0%| F|  |TAMS 0x00000000eab00000, 0x00000000eab00000| Untracked 
| 172|0x00000000eac00000, 0x00000000eac00000, 0x00000000ead00000|  0%| F|  |TAMS 0x00000000eac00000, 0x00000000eac00000| Untracked 
| 173|0x00000000ead00000, 0x00000000ead00000, 0x00000000eae00000|  0%| F|  |TAMS 0x00000000ead00000, 0x00000000ead00000| Untracked 
| 174|0x00000000eae00000, 0x00000000eae00000, 0x00000000eaf00000|  0%| F|  |TAMS 0x00000000eae00000, 0x00000000eae00000| Untracked 
| 175|0x00000000eaf00000, 0x00000000eaf00000, 0x00000000eb000000|  0%| F|  |TAMS 0x00000000eaf00000, 0x00000000eaf00000| Untracked 
| 176|0x00000000eb000000, 0x00000000eb000000, 0x00000000eb100000|  0%| F|  |TAMS 0x00000000eb000000, 0x00000000eb000000| Untracked 
| 177|0x00000000eb100000, 0x00000000eb100000, 0x00000000eb200000|  0%| F|  |TAMS 0x00000000eb100000, 0x00000000eb100000| Untracked 
| 178|0x00000000eb200000, 0x00000000eb200000, 0x00000000eb300000|  0%| F|  |TAMS 0x00000000eb200000, 0x00000000eb200000| Untracked 
| 179|0x00000000eb300000, 0x00000000eb300000, 0x00000000eb400000|  0%| F|  |TAMS 0x00000000eb300000, 0x00000000eb300000| Untracked 
| 180|0x00000000eb400000, 0x00000000eb400000, 0x00000000eb500000|  0%| F|  |TAMS 0x00000000eb400000, 0x00000000eb400000| Untracked 
| 181|0x00000000eb500000, 0x00000000eb500000, 0x00000000eb600000|  0%| F|  |TAMS 0x00000000eb500000, 0x00000000eb500000| Untracked 
| 182|0x00000000eb600000, 0x00000000eb600000, 0x00000000eb700000|  0%| F|  |TAMS 0x00000000eb600000, 0x00000000eb600000| Untracked 
| 183|0x00000000eb700000, 0x00000000eb700000, 0x00000000eb800000|  0%| F|  |TAMS 0x00000000eb700000, 0x00000000eb700000| Untracked 
| 184|0x00000000eb800000, 0x00000000eb800000, 0x00000000eb900000|  0%| F|  |TAMS 0x00000000eb800000, 0x00000000eb800000| Untracked 
| 185|0x00000000eb900000, 0x00000000eb900000, 0x00000000eba00000|  0%| F|  |TAMS 0x00000000eb900000, 0x00000000eb900000| Untracked 
| 186|0x00000000eba00000, 0x00000000eba00000, 0x00000000ebb00000|  0%| F|  |TAMS 0x00000000eba00000, 0x00000000eba00000| Untracked 
| 187|0x00000000ebb00000, 0x00000000ebb00000, 0x00000000ebc00000|  0%| F|  |TAMS 0x00000000ebb00000, 0x00000000ebb00000| Untracked 
| 188|0x00000000ebc00000, 0x00000000ebc00000, 0x00000000ebd00000|  0%| F|  |TAMS 0x00000000ebc00000, 0x00000000ebc00000| Untracked 
| 189|0x00000000ebd00000, 0x00000000ebd00000, 0x00000000ebe00000|  0%| F|  |TAMS 0x00000000ebd00000, 0x00000000ebd00000| Untracked 
| 190|0x00000000ebe00000, 0x00000000ebe00000, 0x00000000ebf00000|  0%| F|  |TAMS 0x00000000ebe00000, 0x00000000ebe00000| Untracked 
| 191|0x00000000ebf00000, 0x00000000ebf00000, 0x00000000ec000000|  0%| F|  |TAMS 0x00000000ebf00000, 0x00000000ebf00000| Untracked 
| 192|0x00000000ec000000, 0x00000000ec000000, 0x00000000ec100000|  0%| F|  |TAMS 0x00000000ec000000, 0x00000000ec000000| Untracked 
| 193|0x00000000ec100000, 0x00000000ec100000, 0x00000000ec200000|  0%| F|  |TAMS 0x00000000ec100000, 0x00000000ec100000| Untracked 
| 194|0x00000000ec200000, 0x00000000ec200000, 0x00000000ec300000|  0%| F|  |TAMS 0x00000000ec200000, 0x00000000ec200000| Untracked 
| 195|0x00000000ec300000, 0x00000000ec300000, 0x00000000ec400000|  0%| F|  |TAMS 0x00000000ec300000, 0x00000000ec300000| Untracked 
| 196|0x00000000ec400000, 0x00000000ec400000, 0x00000000ec500000|  0%| F|  |TAMS 0x00000000ec400000, 0x00000000ec400000| Untracked 
| 197|0x00000000ec500000, 0x00000000ec500000, 0x00000000ec600000|  0%| F|  |TAMS 0x00000000ec500000, 0x00000000ec500000| Untracked 
| 198|0x00000000ec600000, 0x00000000ec600000, 0x00000000ec700000|  0%| F|  |TAMS 0x00000000ec600000, 0x00000000ec600000| Untracked 
| 199|0x00000000ec700000, 0x00000000ec700000, 0x00000000ec800000|  0%| F|  |TAMS 0x00000000ec700000, 0x00000000ec700000| Untracked 
| 200|0x00000000ec800000, 0x00000000ec800000, 0x00000000ec900000|  0%| F|  |TAMS 0x00000000ec800000, 0x00000000ec800000| Untracked 
| 201|0x00000000ec900000, 0x00000000ec900000, 0x00000000eca00000|  0%| F|  |TAMS 0x00000000ec900000, 0x00000000ec900000| Untracked 
| 202|0x00000000eca00000, 0x00000000eca00000, 0x00000000ecb00000|  0%| F|  |TAMS 0x00000000eca00000, 0x00000000eca00000| Untracked 
| 203|0x00000000ecb00000, 0x00000000ecb00000, 0x00000000ecc00000|  0%| F|  |TAMS 0x00000000ecb00000, 0x00000000ecb00000| Untracked 
| 204|0x00000000ecc00000, 0x00000000ecc00000, 0x00000000ecd00000|  0%| F|  |TAMS 0x00000000ecc00000, 0x00000000ecc00000| Untracked 
| 205|0x00000000ecd00000, 0x00000000ecd00000, 0x00000000ece00000|  0%| F|  |TAMS 0x00000000ecd00000, 0x00000000ecd00000| Untracked 
| 206|0x00000000ece00000, 0x00000000ece00000, 0x00000000ecf00000|  0%| F|  |TAMS 0x00000000ece00000, 0x00000000ece00000| Untracked 
| 207|0x00000000ecf00000, 0x00000000ecf00000, 0x00000000ed000000|  0%| F|  |TAMS 0x00000000ecf00000, 0x00000000ecf00000| Untracked 
| 208|0x00000000ed000000, 0x00000000ed000000, 0x00000000ed100000|  0%| F|  |TAMS 0x00000000ed000000, 0x00000000ed000000| Untracked 
| 209|0x00000000ed100000, 0x00000000ed100000, 0x00000000ed200000|  0%| F|  |TAMS 0x00000000ed100000, 0x00000000ed100000| Untracked 
| 210|0x00000000ed200000, 0x00000000ed200000, 0x00000000ed300000|  0%| F|  |TAMS 0x00000000ed200000, 0x00000000ed200000| Untracked 
| 211|0x00000000ed300000, 0x00000000ed300000, 0x00000000ed400000|  0%| F|  |TAMS 0x00000000ed300000, 0x00000000ed300000| Untracked 
| 212|0x00000000ed400000, 0x00000000ed400000, 0x00000000ed500000|  0%| F|  |TAMS 0x00000000ed400000, 0x00000000ed400000| Untracked 
| 213|0x00000000ed500000, 0x00000000ed500000, 0x00000000ed600000|  0%| F|  |TAMS 0x00000000ed500000, 0x00000000ed500000| Untracked 
| 214|0x00000000ed600000, 0x00000000ed600000, 0x00000000ed700000|  0%| F|  |TAMS 0x00000000ed600000, 0x00000000ed600000| Untracked 
| 215|0x00000000ed700000, 0x00000000ed700000, 0x00000000ed800000|  0%| F|  |TAMS 0x00000000ed700000, 0x00000000ed700000| Untracked 
| 216|0x00000000ed800000, 0x00000000ed800000, 0x00000000ed900000|  0%| F|  |TAMS 0x00000000ed800000, 0x00000000ed800000| Untracked 
| 217|0x00000000ed900000, 0x00000000ed900000, 0x00000000eda00000|  0%| F|  |TAMS 0x00000000ed900000, 0x00000000ed900000| Untracked 
| 218|0x00000000eda00000, 0x00000000eda00000, 0x00000000edb00000|  0%| F|  |TAMS 0x00000000eda00000, 0x00000000eda00000| Untracked 
| 219|0x00000000edb00000, 0x00000000edb00000, 0x00000000edc00000|  0%| F|  |TAMS 0x00000000edb00000, 0x00000000edb00000| Untracked 
| 220|0x00000000edc00000, 0x00000000edc00000, 0x00000000edd00000|  0%| F|  |TAMS 0x00000000edc00000, 0x00000000edc00000| Untracked 
| 221|0x00000000edd00000, 0x00000000edd00000, 0x00000000ede00000|  0%| F|  |TAMS 0x00000000edd00000, 0x00000000edd00000| Untracked 
| 222|0x00000000ede00000, 0x00000000ede00000, 0x00000000edf00000|  0%| F|  |TAMS 0x00000000ede00000, 0x00000000ede00000| Untracked 
| 223|0x00000000edf00000, 0x00000000edf00000, 0x00000000ee000000|  0%| F|  |TAMS 0x00000000edf00000, 0x00000000edf00000| Untracked 
| 224|0x00000000ee000000, 0x00000000ee000000, 0x00000000ee100000|  0%| F|  |TAMS 0x00000000ee000000, 0x00000000ee000000| Untracked 
| 225|0x00000000ee100000, 0x00000000ee100000, 0x00000000ee200000|  0%| F|  |TAMS 0x00000000ee100000, 0x00000000ee100000| Untracked 
| 226|0x00000000ee200000, 0x00000000ee200000, 0x00000000ee300000|  0%| F|  |TAMS 0x00000000ee200000, 0x00000000ee200000| Untracked 
| 227|0x00000000ee300000, 0x00000000ee300000, 0x00000000ee400000|  0%| F|  |TAMS 0x00000000ee300000, 0x00000000ee300000| Untracked 
| 228|0x00000000ee400000, 0x00000000ee400000, 0x00000000ee500000|  0%| F|  |TAMS 0x00000000ee400000, 0x00000000ee400000| Untracked 
| 229|0x00000000ee500000, 0x00000000ee500000, 0x00000000ee600000|  0%| F|  |TAMS 0x00000000ee500000, 0x00000000ee500000| Untracked 
| 230|0x00000000ee600000, 0x00000000ee600000, 0x00000000ee700000|  0%| F|  |TAMS 0x00000000ee600000, 0x00000000ee600000| Untracked 
| 231|0x00000000ee700000, 0x00000000ee700000, 0x00000000ee800000|  0%| F|  |TAMS 0x00000000ee700000, 0x00000000ee700000| Untracked 
| 232|0x00000000ee800000, 0x00000000ee800000, 0x00000000ee900000|  0%| F|  |TAMS 0x00000000ee800000, 0x00000000ee800000| Untracked 
| 233|0x00000000ee900000, 0x00000000ee900000, 0x00000000eea00000|  0%| F|  |TAMS 0x00000000ee900000, 0x00000000ee900000| Untracked 
| 234|0x00000000eea00000, 0x00000000eea00000, 0x00000000eeb00000|  0%| F|  |TAMS 0x00000000eea00000, 0x00000000eea00000| Untracked 
| 235|0x00000000eeb00000, 0x00000000eeb00000, 0x00000000eec00000|  0%| F|  |TAMS 0x00000000eeb00000, 0x00000000eeb00000| Untracked 
| 236|0x00000000eec00000, 0x00000000eed00000, 0x00000000eed00000|100%| E|  |TAMS 0x00000000eec00000, 0x00000000eec00000| Complete 
| 237|0x00000000eed00000, 0x00000000eee00000, 0x00000000eee00000|100%| E|CS|TAMS 0x00000000eed00000, 0x00000000eed00000| Complete 
| 238|0x00000000eee00000, 0x00000000eef00000, 0x00000000eef00000|100%| E|CS|TAMS 0x00000000eee00000, 0x00000000eee00000| Complete 
| 239|0x00000000eef00000, 0x00000000ef000000, 0x00000000ef000000|100%| E|CS|TAMS 0x00000000eef00000, 0x00000000eef00000| Complete 
| 240|0x00000000ef000000, 0x00000000ef100000, 0x00000000ef100000|100%| E|CS|TAMS 0x00000000ef000000, 0x00000000ef000000| Complete 
| 241|0x00000000ef100000, 0x00000000ef200000, 0x00000000ef200000|100%| E|CS|TAMS 0x00000000ef100000, 0x00000000ef100000| Complete 
| 242|0x00000000ef200000, 0x00000000ef300000, 0x00000000ef300000|100%| E|CS|TAMS 0x00000000ef200000, 0x00000000ef200000| Complete 
| 243|0x00000000ef300000, 0x00000000ef400000, 0x00000000ef400000|100%| E|CS|TAMS 0x00000000ef300000, 0x00000000ef300000| Complete 
| 244|0x00000000ef400000, 0x00000000ef500000, 0x00000000ef500000|100%| E|CS|TAMS 0x00000000ef400000, 0x00000000ef400000| Complete 
| 245|0x00000000ef500000, 0x00000000ef600000, 0x00000000ef600000|100%| E|CS|TAMS 0x00000000ef500000, 0x00000000ef500000| Complete 
| 246|0x00000000ef600000, 0x00000000ef700000, 0x00000000ef700000|100%| E|CS|TAMS 0x00000000ef600000, 0x00000000ef600000| Complete 
| 247|0x00000000ef700000, 0x00000000ef800000, 0x00000000ef800000|100%| E|CS|TAMS 0x00000000ef700000, 0x00000000ef700000| Complete 
| 248|0x00000000ef800000, 0x00000000ef900000, 0x00000000ef900000|100%| E|CS|TAMS 0x00000000ef800000, 0x00000000ef800000| Complete 
| 249|0x00000000ef900000, 0x00000000efa00000, 0x00000000efa00000|100%| E|CS|TAMS 0x00000000ef900000, 0x00000000ef900000| Complete 
| 250|0x00000000efa00000, 0x00000000efb00000, 0x00000000efb00000|100%| E|CS|TAMS 0x00000000efa00000, 0x00000000efa00000| Complete 
| 251|0x00000000efb00000, 0x00000000efc00000, 0x00000000efc00000|100%| E|CS|TAMS 0x00000000efb00000, 0x00000000efb00000| Complete 
| 252|0x00000000efc00000, 0x00000000efd00000, 0x00000000efd00000|100%| E|CS|TAMS 0x00000000efc00000, 0x00000000efc00000| Complete 
| 253|0x00000000efd00000, 0x00000000efe00000, 0x00000000efe00000|100%| E|CS|TAMS 0x00000000efd00000, 0x00000000efd00000| Complete 
| 254|0x00000000efe00000, 0x00000000eff00000, 0x00000000eff00000|100%| E|CS|TAMS 0x00000000efe00000, 0x00000000efe00000| Complete 
| 255|0x00000000eff00000, 0x00000000f0000000, 0x00000000f0000000|100%| E|CS|TAMS 0x00000000eff00000, 0x00000000eff00000| Complete 

Card table byte_map: [0x000002a640d30000,0x000002a640e30000] _byte_map_base: 0x000002a640630000

Marking Bits (Prev, Next): (CMBitMap*) 0x000002a6285aaa00, (CMBitMap*) 0x000002a6285aaa40
 Prev Bits: [0x000002a640f30000, 0x000002a641730000)
 Next Bits: [0x000002a641730000, 0x000002a641f30000)

Polling page: 0x000002a628650000

Metaspace:

Usage:
  Non-class:     47.68 MB used.
      Class:      7.69 MB used.
       Both:     55.37 MB used.

Virtual space:
  Non-class space:       64.00 MB reserved,      48.00 MB ( 75%) committed,  1 nodes.
      Class space:      208.00 MB reserved,       7.88 MB (  4%) committed,  1 nodes.
             Both:      272.00 MB reserved,      55.88 MB ( 21%) committed. 

Chunk freelists:
   Non-Class:  15.80 MB
       Class:  7.94 MB
        Both:  23.74 MB

MaxMetaspaceSize: 256.00 MB
CompressedClassSpaceSize: 208.00 MB
Initial GC threshold: 21.00 MB
Current GC threshold: 58.69 MB
CDS: on
MetaspaceReclaimPolicy: balanced
 - commit_granule_bytes: 65536.
 - commit_granule_words: 8192.
 - virtual_space_node_default_size: 8388608.
 - enlarge_chunks_in_place: 1.
 - new_chunks_are_fully_committed: 0.
 - uncommit_free_chunks: 1.
 - use_allocation_guard: 0.
 - handle_deallocations: 1.


Internal statistics:

num_allocs_failed_limit: 6.
num_arena_births: 564.
num_arena_deaths: 0.
num_vsnodes_births: 2.
num_vsnodes_deaths: 0.
num_space_committed: 894.
num_space_uncommitted: 0.
num_chunks_returned_to_freelist: 6.
num_chunks_taken_from_freelist: 2763.
num_chunk_merges: 6.
num_chunk_splits: 1842.
num_chunks_enlarged: 1259.
num_inconsistent_stats: 0.

CodeHeap 'non-profiled nmethods': size=120000Kb used=4937Kb max_used=4937Kb free=115062Kb
 bounds [0x000002a6390c0000, 0x000002a6395a0000, 0x000002a6405f0000]
CodeHeap 'profiled nmethods': size=120000Kb used=13832Kb max_used=15259Kb free=106167Kb
 bounds [0x000002a6315f0000, 0x000002a6324e0000, 0x000002a638b20000]
CodeHeap 'non-nmethods': size=5760Kb used=2341Kb max_used=2406Kb free=3418Kb
 bounds [0x000002a638b20000, 0x000002a638d90000, 0x000002a6390c0000]
 total_blobs=8005 nmethods=7137 adapters=778
 compilation: enabled
              stopped_count=0, restarted_count=0
 full_count=0

Compilation events (20 events):
Event: 14.916 Thread 0x000002a6445308b0 nmethod 8562 0x000002a63958e410 code [0x000002a63958e580, 0x000002a63958e658]
Event: 14.918 Thread 0x000002a64495b0d0 nmethod 8561 0x000002a63958e710 code [0x000002a63958e8a0, 0x000002a63958ec68]
Event: 14.918 Thread 0x000002a64495b0d0 8563 %     4       org.apache.commons.io.FilenameUtils::doNormalize @ 297 (541 bytes)
Event: 14.919 Thread 0x000002a6445308b0 8564       4       java.io.RandomAccessFile::skipBytes (47 bytes)
Event: 14.920 Thread 0x000002a6445308b0 nmethod 8564 0x000002a63958ee10 code [0x000002a63958efc0, 0x000002a63958f128]
Event: 14.920 Thread 0x000002a6445308b0 8565       4       org.gradle.internal.snapshot.PathUtil::compareCharsIgnoringCase (46 bytes)
Event: 14.924 Thread 0x000002a6445308b0 nmethod 8565 0x000002a63958f310 code [0x000002a63958f4e0, 0x000002a63958f9b8]
Event: 14.924 Thread 0x000002a6445308b0 8569       4       org.objectweb.asm.ClassReader::readCode (5109 bytes)
Event: 14.931 Thread 0x000002a64495b0d0 nmethod 8563% 0x000002a63958fe10 code [0x000002a63958ffc0, 0x000002a6395908d8]
Event: 14.931 Thread 0x000002a64495b0d0 8568       4       java.time.zone.ZoneRules::findTransitionArray (89 bytes)
Event: 14.936 Thread 0x000002a64495b0d0 nmethod 8568 0x000002a639590d90 code [0x000002a639590f40, 0x000002a639591388]
Event: 14.936 Thread 0x000002a64495b0d0 8566       4       java.time.LocalDate::ofEpochDay (236 bytes)
Event: 14.940 Thread 0x000002a64495b0d0 nmethod 8566 0x000002a639591790 code [0x000002a639591920, 0x000002a639591d78]
Event: 14.940 Thread 0x000002a64495b0d0 8567       4       java.time.temporal.ValueRange::checkValidIntValue (25 bytes)
Event: 14.940 Thread 0x000002a64495b0d0 nmethod 8567 0x000002a639592090 code [0x000002a639592200, 0x000002a639592378]
Event: 14.941 Thread 0x000002a64495b0d0 8570   !   4       org.gradle.cache.internal.DefaultFileLockManager$DefaultFileLock::doWriteAction (66 bytes)
Event: 14.948 Thread 0x000002a644523530 8571       3       org.gradle.api.internal.tasks.compile.incremental.asm.ClassDependenciesVisitor$RetentionPolicyVisitor::visitEnum (56 bytes)
Event: 14.948 Thread 0x000002a644523530 nmethod 8571 0x000002a63219e910 code [0x000002a63219eb80, 0x000002a63219f498]
Event: 15.113 Thread 0x000002a644523530 8578       3       org.gradle.api.internal.tasks.compile.incremental.asm.ClassDependenciesVisitor$AnnotationVisitor::visitArray (2 bytes)
Event: 15.113 Thread 0x000002a644523530 nmethod 8578 0x000002a631941110 code [0x000002a6319412a0, 0x000002a6319413b8]

GC Heap History (20 events):
Event: 0.363 GC heap before
{Heap before GC invocations=0 (full 0):
 garbage-first heap   total 262144K, used 15360K [0x00000000e0000000, 0x0000000100000000)
  region size 1024K, 13 young (13312K), 0 survivors (0K)
 Metaspace       used 957K, committed 1088K, reserved 278528K
  class space    used 75K, committed 128K, reserved 212992K
}
Event: 0.365 GC heap after
{Heap after GC invocations=1 (full 0):
 garbage-first heap   total 262144K, used 3423K [0x00000000e0000000, 0x0000000100000000)
  region size 1024K, 2 young (2048K), 2 survivors (2048K)
 Metaspace       used 957K, committed 1088K, reserved 278528K
  class space    used 75K, committed 128K, reserved 212992K
}
Event: 0.769 GC heap before
{Heap before GC invocations=1 (full 0):
 garbage-first heap   total 262144K, used 21855K [0x00000000e0000000, 0x0000000100000000)
  region size 1024K, 18 young (18432K), 2 survivors (2048K)
 Metaspace       used 3797K, committed 3968K, reserved 278528K
  class space    used 474K, committed 576K, reserved 212992K
}
Event: 0.772 GC heap after
{Heap after GC invocations=2 (full 0):
 garbage-first heap   total 262144K, used 9602K [0x00000000e0000000, 0x0000000100000000)
  region size 1024K, 3 young (3072K), 3 survivors (3072K)
 Metaspace       used 3797K, committed 3968K, reserved 278528K
  class space    used 474K, committed 576K, reserved 212992K
}
Event: 1.078 GC heap before
{Heap before GC invocations=2 (full 0):
 garbage-first heap   total 262144K, used 32130K [0x00000000e0000000, 0x0000000100000000)
  region size 1024K, 25 young (25600K), 3 survivors (3072K)
 Metaspace       used 3946K, committed 4160K, reserved 278528K
  class space    used 476K, committed 576K, reserved 212992K
}
Event: 1.082 GC heap after
{Heap after GC invocations=3 (full 0):
 garbage-first heap   total 262144K, used 12978K [0x00000000e0000000, 0x0000000100000000)
  region size 1024K, 4 young (4096K), 4 survivors (4096K)
 Metaspace       used 3946K, committed 4160K, reserved 278528K
  class space    used 476K, committed 576K, reserved 212992K
}
Event: 3.249 GC heap before
{Heap before GC invocations=3 (full 0):
 garbage-first heap   total 262144K, used 114354K [0x00000000e0000000, 0x0000000100000000)
  region size 1024K, 104 young (106496K), 4 survivors (4096K)
 Metaspace       used 21227K, committed 21504K, reserved 278528K
  class space    used 3178K, committed 3328K, reserved 212992K
}
Event: 3.260 GC heap after
{Heap after GC invocations=4 (full 0):
 garbage-first heap   total 262144K, used 20717K [0x00000000e0000000, 0x0000000100000000)
  region size 1024K, 12 young (12288K), 12 survivors (12288K)
 Metaspace       used 21227K, committed 21504K, reserved 278528K
  class space    used 3178K, committed 3328K, reserved 212992K
}
Event: 4.892 GC heap before
{Heap before GC invocations=5 (full 0):
 garbage-first heap   total 262144K, used 122093K [0x00000000e0000000, 0x0000000100000000)
  region size 1024K, 109 young (111616K), 12 survivors (12288K)
 Metaspace       used 35535K, committed 35968K, reserved 278528K
  class space    used 4910K, committed 5120K, reserved 212992K
}
Event: 4.911 GC heap after
{Heap after GC invocations=6 (full 0):
 garbage-first heap   total 262144K, used 30167K [0x00000000e0000000, 0x0000000100000000)
  region size 1024K, 10 young (10240K), 10 survivors (10240K)
 Metaspace       used 35535K, committed 35968K, reserved 278528K
  class space    used 4910K, committed 5120K, reserved 212992K
}
Event: 7.162 GC heap before
{Heap before GC invocations=7 (full 0):
 garbage-first heap   total 262144K, used 145879K [0x00000000e0000000, 0x0000000100000000)
  region size 1024K, 123 young (125952K), 10 survivors (10240K)
 Metaspace       used 46246K, committed 46784K, reserved 278528K
  class space    used 6590K, committed 6848K, reserved 212992K
}
Event: 7.178 GC heap after
{Heap after GC invocations=8 (full 0):
 garbage-first heap   total 262144K, used 37526K [0x00000000e0000000, 0x0000000100000000)
  region size 1024K, 9 young (9216K), 9 survivors (9216K)
 Metaspace       used 46246K, committed 46784K, reserved 278528K
  class space    used 6590K, committed 6848K, reserved 212992K
}
Event: 8.533 GC heap before
{Heap before GC invocations=8 (full 0):
 garbage-first heap   total 262144K, used 184982K [0x00000000e0000000, 0x0000000100000000)
  region size 1024K, 153 young (156672K), 9 survivors (9216K)
 Metaspace       used 46346K, committed 46848K, reserved 278528K
  class space    used 6591K, committed 6848K, reserved 212992K
}
Event: 8.542 GC heap after
{Heap after GC invocations=9 (full 0):
 garbage-first heap   total 262144K, used 37926K [0x00000000e0000000, 0x0000000100000000)
  region size 1024K, 9 young (9216K), 9 survivors (9216K)
 Metaspace       used 46346K, committed 46848K, reserved 278528K
  class space    used 6591K, committed 6848K, reserved 212992K
}
Event: 10.315 GC heap before
{Heap before GC invocations=9 (full 0):
 garbage-first heap   total 262144K, used 185382K [0x00000000e0000000, 0x0000000100000000)
  region size 1024K, 153 young (156672K), 9 survivors (9216K)
 Metaspace       used 53946K, committed 54464K, reserved 278528K
  class space    used 7584K, committed 7808K, reserved 212992K
}
Event: 10.330 GC heap after
{Heap after GC invocations=10 (full 0):
 garbage-first heap   total 262144K, used 44315K [0x00000000e0000000, 0x0000000100000000)
  region size 1024K, 15 young (15360K), 15 survivors (15360K)
 Metaspace       used 53946K, committed 54464K, reserved 278528K
  class space    used 7584K, committed 7808K, reserved 212992K
}
Event: 13.074 GC heap before
{Heap before GC invocations=10 (full 0):
 garbage-first heap   total 262144K, used 184603K [0x00000000e0000000, 0x0000000100000000)
  region size 1024K, 153 young (156672K), 15 survivors (15360K)
 Metaspace       used 56687K, committed 57216K, reserved 278528K
  class space    used 7871K, committed 8064K, reserved 212992K
}
Event: 13.088 GC heap after
{Heap after GC invocations=11 (full 0):
 garbage-first heap   total 262144K, used 44830K [0x00000000e0000000, 0x0000000100000000)
  region size 1024K, 8 young (8192K), 8 survivors (8192K)
 Metaspace       used 56687K, committed 57216K, reserved 278528K
  class space    used 7871K, committed 8064K, reserved 212992K
}
Event: 14.958 GC heap before
{Heap before GC invocations=11 (full 0):
 garbage-first heap   total 262144K, used 193310K [0x00000000e0000000, 0x0000000100000000)
  region size 1024K, 153 young (156672K), 8 survivors (8192K)
 Metaspace       used 56697K, committed 57216K, reserved 278528K
  class space    used 7871K, committed 8064K, reserved 212992K
}
Event: 14.967 GC heap after
{Heap after GC invocations=12 (full 0):
 garbage-first heap   total 262144K, used 45854K [0x00000000e0000000, 0x0000000100000000)
  region size 1024K, 9 young (9216K), 9 survivors (9216K)
 Metaspace       used 56697K, committed 57216K, reserved 278528K
  class space    used 7871K, committed 8064K, reserved 212992K
}

Deoptimization events (20 events):
Event: 14.765 Thread 0x000002a659097c80 Uncommon trap: trap_request=0xffffff45 fr.pc=0x000002a6393ed2e4 relative=0x0000000000001064
Event: 14.765 Thread 0x000002a659097c80 Uncommon trap: reason=unstable_if action=reinterpret pc=0x000002a6393ed2e4 method=sun.util.calendar.CalendarDate.setDayOfMonth(I)Lsun/util/calendar/CalendarDate; @ 5 c2
Event: 14.765 Thread 0x000002a659097c80 DEOPT PACKING pc=0x000002a6393ed2e4 sp=0x000000ff710f8ec0
Event: 14.765 Thread 0x000002a659097c80 DEOPT UNPACKING pc=0x000002a638b723a3 sp=0x000000ff710f8c80 mode 2
Event: 14.765 Thread 0x000002a659097c80 Uncommon trap: trap_request=0xffffff45 fr.pc=0x000002a6393ea62c relative=0x000000000000048c
Event: 14.765 Thread 0x000002a659097c80 Uncommon trap: reason=unstable_if action=reinterpret pc=0x000002a6393ea62c method=sun.util.calendar.CalendarDate.setDayOfMonth(I)Lsun/util/calendar/CalendarDate; @ 5 c2
Event: 14.765 Thread 0x000002a659097c80 DEOPT PACKING pc=0x000002a6393ea62c sp=0x000000ff710f8d90
Event: 14.765 Thread 0x000002a659097c80 DEOPT UNPACKING pc=0x000002a638b723a3 sp=0x000000ff710f8c78 mode 2
Event: 14.919 Thread 0x000002a659097c80 Uncommon trap: trap_request=0xffffffde fr.pc=0x000002a6395508a8 relative=0x000000000000a928
Event: 14.919 Thread 0x000002a659097c80 Uncommon trap: reason=class_check action=maybe_recompile pc=0x000002a6395508a8 method=org.objectweb.asm.ClassReader.readCode(Lorg/objectweb/asm/MethodVisitor;Lorg/objectweb/asm/Context;I)V @ 3607 c2
Event: 14.919 Thread 0x000002a659097c80 DEOPT PACKING pc=0x000002a6395508a8 sp=0x000000ff710f8b60
Event: 14.919 Thread 0x000002a659097c80 DEOPT UNPACKING pc=0x000002a638b723a3 sp=0x000000ff710f8a98 mode 2
Event: 14.923 Thread 0x000002a659097c80 Uncommon trap: trap_request=0xffffffde fr.pc=0x000002a6395508a8 relative=0x000000000000a928
Event: 14.923 Thread 0x000002a659097c80 Uncommon trap: reason=class_check action=maybe_recompile pc=0x000002a6395508a8 method=org.objectweb.asm.ClassReader.readCode(Lorg/objectweb/asm/MethodVisitor;Lorg/objectweb/asm/Context;I)V @ 3607 c2
Event: 14.923 Thread 0x000002a659097c80 DEOPT PACKING pc=0x000002a6395508a8 sp=0x000000ff710f8b60
Event: 14.923 Thread 0x000002a659097c80 DEOPT UNPACKING pc=0x000002a638b723a3 sp=0x000000ff710f8a98 mode 2
Event: 15.047 Thread 0x000002a659076320 Uncommon trap: trap_request=0xffffffe4 fr.pc=0x000002a6392b03d4 relative=0x0000000000002834
Event: 15.047 Thread 0x000002a659076320 Uncommon trap: reason=range_check action=make_not_entrant pc=0x000002a6392b03d4 method=org.objectweb.asm.ClassReader.readUnsignedShort(I)I @ 19 c2
Event: 15.047 Thread 0x000002a659076320 DEOPT PACKING pc=0x000002a6392b03d4 sp=0x000000ff73ffdb10
Event: 15.047 Thread 0x000002a659076320 DEOPT UNPACKING pc=0x000002a638b723a3 sp=0x000000ff73ffda10 mode 2

Classes unloaded (0 events):
No events

Classes redefined (0 events):
No events

Internal exceptions (20 events):
Event: 6.995 Thread 0x000002a659097c80 Implicit null exception at 0x000002a63935f2a5 to 0x000002a63935ffe8
Event: 9.492 Thread 0x000002a659097c80 Exception <a 'java/lang/NoSuchMethodError'{0x00000000e8875ae8}: 'int java.lang.invoke.DirectMethodHandle$Holder.invokeStaticInit(java.lang.Object, java.lang.Object, java.lang.Object, java.lang.Object, java.lang.Object)'> (0x00000000e8875ae8) 
thrown [s\open\src\hotspot\share\interpreter\linkResolver.cpp, line 759]
Event: 9.533 Thread 0x000002a659097c80 Exception <a 'java/lang/NoSuchMethodError'{0x00000000e876aae8}: 'void java.lang.invoke.DirectMethodHandle$Holder.invokeVirtual(java.lang.Object, java.lang.Object)'> (0x00000000e876aae8) 
thrown [s\open\src\hotspot\share\interpreter\linkResolver.cpp, line 759]
Event: 9.770 Thread 0x000002a659097c80 Exception <a 'java/lang/NoSuchMethodError'{0x00000000e81136f8}: 'void java.lang.invoke.DirectMethodHandle$Holder.invokeVirtual(java.lang.Object, java.lang.Object, java.lang.Object, java.lang.Object)'> (0x00000000e81136f8) 
thrown [s\open\src\hotspot\share\interpreter\linkResolver.cpp, line 759]
Event: 10.044 Thread 0x000002a659097c80 Exception <a 'sun/nio/fs/WindowsException'{0x00000000e7dfeb00}> (0x00000000e7dfeb00) 
thrown [s\open\src\hotspot\share\prims\jni.cpp, line 516]
Event: 10.044 Thread 0x000002a659097c80 Exception <a 'sun/nio/fs/WindowsException'{0x00000000e7dfee10}> (0x00000000e7dfee10) 
thrown [s\open\src\hotspot\share\prims\jni.cpp, line 516]
Event: 10.060 Thread 0x000002a659097c80 Exception <a 'java/lang/NoSuchMethodError'{0x00000000e7cd05c8}: 'java.lang.Object java.lang.invoke.DirectMethodHandle$Holder.invokeVirtual(java.lang.Object, java.lang.Object, java.lang.Object, int, int)'> (0x00000000e7cd05c8) 
thrown [s\open\src\hotspot\share\interpreter\linkResolver.cpp, line 759]
Event: 10.061 Thread 0x000002a659097c80 Exception <a 'java/lang/NoSuchMethodError'{0x00000000e7cd7b58}: 'java.lang.Object java.lang.invoke.DirectMethodHandle$Holder.invokeVirtual(java.lang.Object, java.lang.Object, int)'> (0x00000000e7cd7b58) 
thrown [s\open\src\hotspot\share\interpreter\linkResolver.cpp, line 759]
Event: 10.086 Thread 0x000002a659097c80 Implicit null exception at 0x000002a63925950c to 0x000002a63925963e
Event: 10.255 Thread 0x000002a659097c80 Exception <a 'java/lang/NoSuchMethodError'{0x00000000e72b86e8}: 'int java.lang.invoke.DirectMethodHandle$Holder.invokeSpecial(java.lang.Object, java.lang.Object, java.lang.Object, java.lang.Object, java.lang.Object)'> (0x00000000e72b86e8) 
thrown [s\open\src\hotspot\share\interpreter\linkResolver.cpp, line 759]
Event: 10.287 Thread 0x000002a659097c80 Exception <a 'java/lang/NoSuchMethodError'{0x00000000e7016220}: 'java.lang.Object java.lang.invoke.DirectMethodHandle$Holder.invokeStatic(java.lang.Object, java.lang.Object, int, int)'> (0x00000000e7016220) 
thrown [s\open\src\hotspot\share\interpreter\linkResolver.cpp, line 759]
Event: 10.341 Thread 0x000002a659097c80 Implicit null exception at 0x000002a6394847fd to 0x000002a639484ec4
Event: 10.511 Thread 0x000002a659097c80 Exception <a 'java/lang/NoSuchMethodError'{0x00000000ef686ea8}: 'int java.lang.invoke.DirectMethodHandle$Holder.invokeVirtual(java.lang.Object, java.lang.Object, java.lang.Object, java.lang.Object)'> (0x00000000ef686ea8) 
thrown [s\open\src\hotspot\share\interpreter\linkResolver.cpp, line 759]
Event: 10.800 Thread 0x000002a659097c80 Exception <a 'sun/nio/fs/WindowsException'{0x00000000eec27ae0}> (0x00000000eec27ae0) 
thrown [s\open\src\hotspot\share\prims\jni.cpp, line 516]
Event: 10.800 Thread 0x000002a659097c80 Exception <a 'sun/nio/fs/WindowsException'{0x00000000eec28ca0}> (0x00000000eec28ca0) 
thrown [s\open\src\hotspot\share\prims\jni.cpp, line 516]
Event: 10.800 Thread 0x000002a659097c80 Exception <a 'sun/nio/fs/WindowsException'{0x00000000eec29ea8}> (0x00000000eec29ea8) 
thrown [s\open\src\hotspot\share\prims\jni.cpp, line 516]
Event: 10.800 Thread 0x000002a659097c80 Exception <a 'sun/nio/fs/WindowsException'{0x00000000eec2b058}> (0x00000000eec2b058) 
thrown [s\open\src\hotspot\share\prims\jni.cpp, line 516]
Event: 10.800 Thread 0x000002a659097c80 Exception <a 'sun/nio/fs/WindowsException'{0x00000000eec2b318}> (0x00000000eec2b318) 
thrown [s\open\src\hotspot\share\prims\jni.cpp, line 516]
Event: 10.800 Thread 0x000002a659097c80 Exception <a 'sun/nio/fs/WindowsException'{0x00000000eec2d4d8}> (0x00000000eec2d4d8) 
thrown [s\open\src\hotspot\share\prims\jni.cpp, line 516]
Event: 11.888 Thread 0x000002a659097c80 Implicit null exception at 0x000002a63951b1f1 to 0x000002a63951ce74

VM Operations (20 events):
Event: 11.914 Executing VM operation: HandshakeAllThreads
Event: 11.914 Executing VM operation: HandshakeAllThreads done
Event: 11.942 Executing VM operation: HandshakeAllThreads
Event: 11.942 Executing VM operation: HandshakeAllThreads done
Event: 12.232 Executing VM operation: ICBufferFull
Event: 12.232 Executing VM operation: ICBufferFull done
Event: 13.030 Executing VM operation: ICBufferFull
Event: 13.030 Executing VM operation: ICBufferFull done
Event: 13.074 Executing VM operation: G1CollectForAllocation
Event: 13.089 Executing VM operation: G1CollectForAllocation done
Event: 14.103 Executing VM operation: Cleanup
Event: 14.103 Executing VM operation: Cleanup done
Event: 14.635 Executing VM operation: HandshakeAllThreads
Event: 14.635 Executing VM operation: HandshakeAllThreads done
Event: 14.674 Executing VM operation: ICBufferFull
Event: 14.674 Executing VM operation: ICBufferFull done
Event: 14.958 Executing VM operation: G1CollectForAllocation
Event: 14.958 Executing VM operation: G1CollectForAllocation done
Event: 14.958 Executing VM operation: G1CollectForAllocation
Event: 14.967 Executing VM operation: G1CollectForAllocation done

Events (20 events):
Event: 14.640 Thread 0x000002a64451ed80 flushing nmethod 0x000002a631be3610
Event: 14.640 Thread 0x000002a64451ed80 flushing nmethod 0x000002a631bf5110
Event: 14.641 Thread 0x000002a64451ed80 flushing nmethod 0x000002a631c36210
Event: 14.642 Thread 0x000002a64451ed80 flushing nmethod 0x000002a631e98f10
Event: 14.642 Thread 0x000002a64451ed80 flushing nmethod 0x000002a631e9b990
Event: 14.642 Thread 0x000002a64451ed80 flushing nmethod 0x000002a631ee8490
Event: 14.644 Thread 0x000002a64451ed80 flushing nmethod 0x000002a632226190
Event: 14.644 Thread 0x000002a64451ed80 flushing nmethod 0x000002a632398190
Event: 14.644 Thread 0x000002a64451ed80 flushing nmethod 0x000002a632399610
Event: 14.644 Thread 0x000002a64451ed80 flushing nmethod 0x000002a63239d710
Event: 14.644 Thread 0x000002a64451ed80 flushing nmethod 0x000002a6323a1590
Event: 14.644 Thread 0x000002a64451ed80 flushing nmethod 0x000002a6323cd810
Event: 14.644 Thread 0x000002a64451ed80 flushing nmethod 0x000002a6323d6010
Event: 14.644 Thread 0x000002a64451ed80 flushing nmethod 0x000002a6323f1a10
Event: 14.644 Thread 0x000002a64451ed80 flushing nmethod 0x000002a6323f6510
Event: 14.644 Thread 0x000002a64451ed80 flushing nmethod 0x000002a6323f6890
Event: 14.644 Thread 0x000002a64451ed80 flushing nmethod 0x000002a6323fa790
Event: 14.645 Thread 0x000002a64451ed80 flushing nmethod 0x000002a63240fe10
Event: 14.645 Thread 0x000002a64451ed80 flushing nmethod 0x000002a632416a10
Event: 14.645 Thread 0x000002a64451ed80 flushing nmethod 0x000002a632431910


Dynamic libraries:
0x00007ff771580000 - 0x00007ff771590000 	C:\Program Files\Java\jdk-17\bin\java.exe
0x00007fffb82b0000 - 0x00007fffb84a8000 	C:\Windows\SYSTEM32\ntdll.dll
0x00007fffb62f0000 - 0x00007fffb63ad000 	C:\Windows\System32\KERNEL32.DLL
0x00007fffb5ec0000 - 0x00007fffb61b6000 	C:\Windows\System32\KERNELBASE.dll
0x00007fffb5970000 - 0x00007fffb5a70000 	C:\Windows\System32\ucrtbase.dll
0x00007fff9b2f0000 - 0x00007fff9b30b000 	C:\Program Files\Java\jdk-17\bin\VCRUNTIME140.dll
0x00007fff95520000 - 0x00007fff95539000 	C:\Program Files\Java\jdk-17\bin\jli.dll
0x00007fffb8110000 - 0x00007fffb81c0000 	C:\Windows\System32\ADVAPI32.dll
0x00007fffb7af0000 - 0x00007fffb7b8e000 	C:\Windows\System32\msvcrt.dll
0x00007fffb6410000 - 0x00007fffb64b0000 	C:\Windows\System32\sechost.dll
0x00007fffb6fd0000 - 0x00007fffb70f3000 	C:\Windows\System32\RPCRT4.dll
0x00007fffb5e90000 - 0x00007fffb5eb7000 	C:\Windows\System32\bcrypt.dll
0x00007fffb7c30000 - 0x00007fffb7dcf000 	C:\Windows\System32\USER32.dll
0x00007fffa59c0000 - 0x00007fffa5c5a000 	C:\Windows\WinSxS\amd64_microsoft.windows.common-controls_6595b64144ccf1df_6.0.19041.4355_none_60b8b9eb71f62e16\COMCTL32.dll
0x00007fffb61c0000 - 0x00007fffb61e2000 	C:\Windows\System32\win32u.dll
0x00007fffb7c00000 - 0x00007fffb7c2b000 	C:\Windows\System32\GDI32.dll
0x00007fffb5a70000 - 0x00007fffb5b87000 	C:\Windows\System32\gdi32full.dll
0x00007fffb5da0000 - 0x00007fffb5e3d000 	C:\Windows\System32\msvcp_win.dll
0x00007fffaf6d0000 - 0x00007fffaf6da000 	C:\Windows\SYSTEM32\VERSION.dll
0x00007fffb7ea0000 - 0x00007fffb7ecf000 	C:\Windows\System32\IMM32.DLL
0x00007fffaf680000 - 0x00007fffaf68c000 	C:\Program Files\Java\jdk-17\bin\vcruntime140_1.dll
0x00007fff90e40000 - 0x00007fff90ece000 	C:\Program Files\Java\jdk-17\bin\msvcp140.dll
0x00007fff4e9a0000 - 0x00007fff4f581000 	C:\Program Files\Java\jdk-17\bin\server\jvm.dll
0x00007fffb7ed0000 - 0x00007fffb7ed8000 	C:\Windows\System32\PSAPI.DLL
0x00007fff7a050000 - 0x00007fff7a059000 	C:\Windows\SYSTEM32\WSOCK32.dll
0x00007fffaf6a0000 - 0x00007fffaf6c7000 	C:\Windows\SYSTEM32\WINMM.dll
0x00007fffb6d00000 - 0x00007fffb6d6b000 	C:\Windows\System32\WS2_32.dll
0x00007fffb37f0000 - 0x00007fffb3802000 	C:\Windows\SYSTEM32\kernel.appcore.dll
0x00007fffa7ee0000 - 0x00007fffa7eea000 	C:\Program Files\Java\jdk-17\bin\jimage.dll
0x00007fffa83c0000 - 0x00007fffa85a4000 	C:\Windows\SYSTEM32\DBGHELP.DLL
0x00007fff9b230000 - 0x00007fff9b264000 	C:\Windows\SYSTEM32\dbgcore.DLL
0x00007fffb61f0000 - 0x00007fffb6272000 	C:\Windows\System32\bcryptPrimitives.dll
0x00007fff93d20000 - 0x00007fff93d45000 	C:\Program Files\Java\jdk-17\bin\java.dll
0x00007fff8ef40000 - 0x00007fff8f017000 	C:\Program Files\Java\jdk-17\bin\jsvml.dll
0x00007fffb64b0000 - 0x00007fffb6c1c000 	C:\Windows\System32\SHELL32.dll
0x00007fffb39f0000 - 0x00007fffb418d000 	C:\Windows\SYSTEM32\windows.storage.dll
0x00007fffb7790000 - 0x00007fffb7ae3000 	C:\Windows\System32\combase.dll
0x00007fffb52c0000 - 0x00007fffb52ee000 	C:\Windows\SYSTEM32\Wldp.dll
0x00007fffb6e90000 - 0x00007fffb6f5d000 	C:\Windows\System32\OLEAUT32.dll
0x00007fffb81c0000 - 0x00007fffb826d000 	C:\Windows\System32\SHCORE.dll
0x00007fffb6f70000 - 0x00007fffb6fc5000 	C:\Windows\System32\shlwapi.dll
0x00007fffb58a0000 - 0x00007fffb58c4000 	C:\Windows\SYSTEM32\profapi.dll
0x00007fff94c80000 - 0x00007fff94c99000 	C:\Program Files\Java\jdk-17\bin\net.dll
0x00007fffafa50000 - 0x00007fffafb5a000 	C:\Windows\SYSTEM32\WINHTTP.dll
0x00007fffb5020000 - 0x00007fffb508a000 	C:\Windows\system32\mswsock.dll
0x00007fff93cc0000 - 0x00007fff93cd6000 	C:\Program Files\Java\jdk-17\bin\nio.dll
0x00007fff93b30000 - 0x00007fff93b48000 	C:\Program Files\Java\jdk-17\bin\zip.dll
0x00007fffa7eb0000 - 0x00007fffa7ec0000 	C:\Program Files\Java\jdk-17\bin\verify.dll
0x00007fff932e0000 - 0x00007fff93307000 	C:\Users\ASV-10U\.gradle\native\e1d6ef7f7dcc3fd88c89a11ec53ec762bb8ba0a96d01ffa2cd45eb1d1d8dd5c5\windows-amd64\native-platform.dll
0x00007fff866a0000 - 0x00007fff867e4000 	C:\Users\ASV-10U\.gradle\native\0d407fdbe67a94daf76414ababcb853783967236a71b16ec16e742cd7a986fd3\windows-amd64\native-platform-file-events.dll
0x00007fff98290000 - 0x00007fff9829a000 	C:\Program Files\Java\jdk-17\bin\management.dll
0x00007fff98260000 - 0x00007fff9826b000 	C:\Program Files\Java\jdk-17\bin\management_ext.dll
0x00007fffb5210000 - 0x00007fffb5228000 	C:\Windows\SYSTEM32\CRYPTSP.dll
0x00007fffb4940000 - 0x00007fffb4974000 	C:\Windows\system32\rsaenh.dll
0x00007fffb5850000 - 0x00007fffb587e000 	C:\Windows\SYSTEM32\USERENV.dll
0x00007fffb5230000 - 0x00007fffb523c000 	C:\Windows\SYSTEM32\CRYPTBASE.dll
0x00007fffb4d00000 - 0x00007fffb4d3b000 	C:\Windows\SYSTEM32\IPHLPAPI.DLL
0x00007fffb7b90000 - 0x00007fffb7b98000 	C:\Windows\System32\NSI.dll
0x00007fffb0430000 - 0x00007fffb0447000 	C:\Windows\SYSTEM32\dhcpcsvc6.DLL
0x00007fffb0410000 - 0x00007fffb042d000 	C:\Windows\SYSTEM32\dhcpcsvc.DLL
0x00007fffb4d40000 - 0x00007fffb4e0a000 	C:\Windows\SYSTEM32\DNSAPI.dll
0x00007fff97aa0000 - 0x00007fff97aae000 	C:\Program Files\Java\jdk-17\bin\sunmscapi.dll
0x00007fffb5c40000 - 0x00007fffb5d9e000 	C:\Windows\System32\CRYPT32.dll
0x00007fffb5330000 - 0x00007fffb5359000 	C:\Windows\SYSTEM32\ncrypt.dll
0x00007fffb52f0000 - 0x00007fffb532b000 	C:\Windows\SYSTEM32\NTASN1.dll
0x00007fff96d60000 - 0x00007fff96d67000 	C:\Windows\system32\wshunix.dll

dbghelp: loaded successfully - version: 4.0.5 - missing functions: none
symbol engine: initialized successfully - sym options: 0x614 - pdb path: .;C:\Program Files\Java\jdk-17\bin;C:\Windows\SYSTEM32;C:\Windows\WinSxS\amd64_microsoft.windows.common-controls_6595b64144ccf1df_6.0.19041.4355_none_60b8b9eb71f62e16;C:\Program Files\Java\jdk-17\bin\server;C:\Users\ASV-10U\.gradle\native\e1d6ef7f7dcc3fd88c89a11ec53ec762bb8ba0a96d01ffa2cd45eb1d1d8dd5c5\windows-amd64;C:\Users\ASV-10U\.gradle\native\0d407fdbe67a94daf76414ababcb853783967236a71b16ec16e742cd7a986fd3\windows-amd64

VM Arguments:
jvm_args: --add-opens=java.base/java.util=ALL-UNNAMED --add-opens=java.base/java.lang=ALL-UNNAMED --add-opens=java.base/java.lang.invoke=ALL-UNNAMED --add-opens=java.base/java.util=ALL-UNNAMED --add-opens=java.prefs/java.util.prefs=ALL-UNNAMED --add-opens=java.prefs/java.util.prefs=ALL-UNNAMED --add-opens=java.base/java.nio.charset=ALL-UNNAMED --add-opens=java.base/java.net=ALL-UNNAMED --add-opens=java.base/java.util.concurrent.atomic=ALL-UNNAMED -XX:MaxMetaspaceSize=256m -XX:+HeapDumpOnOutOfMemoryError -Xms256m -Xmx512m -Dfile.encoding=windows-1251 -Duser.country=RU -Duser.language=ru -Duser.variant 
java_command: org.gradle.launcher.daemon.bootstrap.GradleDaemon 7.5.1
java_class_path (initial): C:\Users\ASV-10U\.gradle\wrapper\dists\gradle-7.5.1-bin\7jzzequgds1hbszbhq3npc5ng\gradle-7.5.1\lib\gradle-launcher-7.5.1.jar
Launcher Type: SUN_STANDARD

[Global flags]
     intx CICompilerCount                          = 3                                         {product} {ergonomic}
   size_t CompressedClassSpaceSize                 = 218103808                                 {product} {ergonomic}
     uint ConcGCThreads                            = 1                                         {product} {ergonomic}
     uint G1ConcRefinementThreads                  = 4                                         {product} {ergonomic}
   size_t G1HeapRegionSize                         = 1048576                                   {product} {ergonomic}
    uintx GCDrainStackTargetSize                   = 64                                        {product} {ergonomic}
     bool HeapDumpOnOutOfMemoryError               = true                                   {manageable} {command line}
   size_t InitialHeapSize                          = 268435456                                 {product} {command line}
   size_t MarkStackSize                            = 4194304                                   {product} {ergonomic}
   size_t MaxHeapSize                              = 536870912                                 {product} {command line}
   size_t MaxMetaspaceSize                         = 268435456                                 {product} {command line}
   size_t MaxNewSize                               = 321912832                                 {product} {ergonomic}
   size_t MinHeapDeltaBytes                        = 1048576                                   {product} {ergonomic}
   size_t MinHeapSize                              = 268435456                                 {product} {command line}
    uintx NonNMethodCodeHeapSize                   = 5832780                                {pd product} {ergonomic}
    uintx NonProfiledCodeHeapSize                  = 122912730                              {pd product} {ergonomic}
    uintx ProfiledCodeHeapSize                     = 122912730                              {pd product} {ergonomic}
    uintx ReservedCodeCacheSize                    = 251658240                              {pd product} {ergonomic}
     bool SegmentedCodeCache                       = true                                      {product} {ergonomic}
   size_t SoftMaxHeapSize                          = 536870912                              {manageable} {ergonomic}
     bool UseCompressedClassPointers               = true                           {product lp64_product} {ergonomic}
     bool UseCompressedOops                        = true                           {product lp64_product} {ergonomic}
     bool UseG1GC                                  = true                                      {product} {ergonomic}
     bool UseLargePagesIndividualAllocation        = false                                  {pd product} {ergonomic}

Logging:
Log output configuration:
 #0: stdout all=warning uptime,level,tags
 #1: stderr all=off uptime,level,tags

Environment Variables:
PATH=C:\Program Files\Common Files\Oracle\Java\javapath;C:\Windows\system32;C:\Windows;C:\Windows\System32\Wbem;C:\Windows\System32\WindowsPowerShell\v1.0\;C:\Windows\System32\OpenSSH\;C:\Program Files\Java\jdk-17\bin;C:\Program Files\Microsoft SQL Server\150\Tools\Binn\;C:\Program Files\Microsoft SQL Server\Client SDK\ODBC\170\Tools\Binn\;C:\Program Files\dotnet\;C:\Program Files (x86)\Windows Kits\10\Windows Performance Toolkit\;C:\Users\ASV-10U\AppData\Local\Android\Sdk\platform-tools;C:\Program Files\nodejs\;C:\Program Files\Git\cmd;F:\Projects\Android\tools;C:\Users\ASV-10U\AppData\Local\Programs\Python\Launcher\;C:\Users\ASV-10U\AppData\Local\Microsoft\WindowsApps;C:\Users\ASV-10U\.dotnet\tools;C:\Users\ASV-10U\AppData\Roaming\npm;C:\Users\ASV-10U\AppData\Local\Programs\Microsoft VS Code\bin
USERNAME=ASV-10U
OS=Windows_NT
PROCESSOR_IDENTIFIER=Intel64 Family 6 Model 42 Stepping 7, GenuineIntel



---------------  S Y S T E M  ---------------

OS:
 Windows 10 , 64 bit Build 19041 (10.0.19041.3636)
OS uptime: 19 days 9:42 hours

CPU: total 4 (initial active 4) (4 cores per cpu, 1 threads per core) family 6 model 42 stepping 7 microcode 0x2f, cx8, cmov, fxsr, mmx, sse, sse2, sse3, ssse3, sse4.1, sse4.2, popcnt, tsc, tscinvbit, avx, aes, clmul, vzeroupper, clflush

Memory: 4k page, system-wide physical 12112M (2498M free)
TotalPageFile size 44152M (AvailPageFile size 9M)
current process WorkingSet (physical memory assigned to process): 420M, peak: 423M
current process commit charge ("private bytes"): 502M, peak: 507M

vm_info: Java HotSpot(TM) 64-Bit Server VM (17.0.9+11-LTS-201) for windows-amd64 JRE (17.0.9+11-LTS-201), built on Oct 10 2023 23:16:06 by "mach5one" with MS VC++ 17.1 (VS2022)

END.
